#
# A fatal error has been detected by the Java Runtime Environment:
#
#  Internal Error (safepoint.cpp:716), pid=75165, tid=0x000000000000a00f
#  fatal error: Illegal threadstate encountered: 4
#
# JRE version: Java(TM) SE Runtime Environment (8.0_281-b09) (build 1.8.0_281-b09)
# Java VM: Java HotSpot(TM) 64-Bit Server VM (25.281-b09 mixed mode bsd-amd64 compressed oops)
# Failed to write core dump. Core dumps have been disabled. To enable core dumping, try "ulimit -c unlimited" before starting Java again
#
# If you would like to submit a bug report, please visit:
#   http://bugreport.java.com/bugreport/crash.jsp
# The crash happened outside the Java Virtual Machine in native code.
# See problematic frame for where to report the bug.
#

---------------  T H R E A D  ---------------

Current thread (0x00007fbece95d000):  JavaThread "Thread-1" daemon [_thread_in_native, id=40975, stack(0x00007000042c9000,0x00007000043c9000)]

Stack: [0x00007000042c9000,0x00007000043c9000],  sp=0x00007000043c7ee0,  free space=1019k
Native frames: (J=compiled Java code, j=interpreted, Vv=VM code, C=native code)
V  [libjvm.dylib+0x5a1497]
V  [libjvm.dylib+0x1d8577]
V  [libjvm.dylib+0x4eb4c9]
V  [libjvm.dylib+0x566bf3]
V  [libjvm.dylib+0x2fd108]
C  [libglass.dylib+0x8988]  -[GlassRunnable dealloc]+0x28
C  [Foundation+0x80eab]  -[_NSThreadPerformInfo dealloc]+0x2a
C  [Foundation+0x4dcd7]  -[NSObject(NSThreadPerformAdditions) performSelectorOnMainThread:withObject:waitUntilDone:]+0x7c
j  com.sun.glass.ui.mac.MacApplication._submitForLaterInvocation(Ljava/lang/Runnable;)V+0
j  com.sun.glass.ui.mac.MacApplication.submitForLaterInvocation(Ljava/lang/Runnable;)V+2
j  com.sun.glass.ui.InvokeLaterDispatcher.run()V+82
v  ~StubRoutines::call_stub
V  [libjvm.dylib+0x2d5599]
V  [libjvm.dylib+0x2d4264]
V  [libjvm.dylib+0x2d447f]
V  [libjvm.dylib+0x342b21]
V  [libjvm.dylib+0x5653f2]
V  [libjvm.dylib+0x5652b7]
V  [libjvm.dylib+0x490329]
C  [libsystem_pthread.dylib+0x64f4]  _pthread_start+0x7d
C  [libsystem_pthread.dylib+0x200f]  thread_start+0xf
C  0x0000000000000000

Java frames: (J=compiled Java code, j=interpreted, Vv=VM code)
j  com.sun.glass.ui.mac.MacApplication._submitForLaterInvocation(Ljava/lang/Runnable;)V+0
j  com.sun.glass.ui.mac.MacApplication.submitForLaterInvocation(Ljava/lang/Runnable;)V+2
j  com.sun.glass.ui.InvokeLaterDispatcher.run()V+82
v  ~StubRoutines::call_stub

---------------  P R O C E S S  ---------------

Java Threads: ( => current thread )
  0x00007fbecdb2c000 JavaThread "PulseTimer-CVDisplayLink thread" daemon [_thread_blocked, id=76099, stack(0x00007000043cc000,0x000070000444c000)]
  0x00007fbece9d6000 JavaThread "Prism Font Disposer" daemon [_thread_blocked, id=52231, stack(0x00007000047de000,0x00007000048de000)]
  0x00007fbece9ec800 JavaThread "mysql-cj-abandoned-connection-cleanup" daemon [_thread_in_vm, id=83463, stack(0x00007000046db000,0x00007000047db000)]
  0x00007fbece9bc000 JavaThread "JavaFX-Launcher" [_thread_blocked, id=48643, stack(0x00007000044d2000,0x00007000045d2000)]
  0x00007fbece09f000 JavaThread "JavaFX Application Thread" [_thread_blocked, id=259, stack(0x00007ff7bd53b000,0x00007ff7bdd3b000)]
=>0x00007fbece95d000 JavaThread "Thread-1" daemon [_thread_in_native, id=40975, stack(0x00007000042c9000,0x00007000043c9000)]
  0x00007fbecc883000 JavaThread "QuantumRenderer-0" daemon [_thread_in_Java, id=15363, stack(0x00007000041c6000,0x00007000042c6000)]
  0x00007fbece83e000 JavaThread "Service Thread" daemon [_thread_blocked, id=14851, stack(0x0000700003fc0000,0x00007000040c0000)]
  0x00007fbecd834800 JavaThread "C1 CompilerThread2" daemon [_thread_in_vm, id=14595, stack(0x0000700003ebd000,0x0000700003fbd000)]
  0x00007fbecd834000 JavaThread "C2 CompilerThread1" daemon [_thread_blocked, id=14339, stack(0x0000700003dba000,0x0000700003eba000)]
  0x00007fbecd829000 JavaThread "C2 CompilerThread0" daemon [_thread_blocked, id=19459, stack(0x0000700003cb7000,0x0000700003db7000)]
  0x00007fbecd828800 JavaThread "Signal Dispatcher" daemon [_thread_blocked, id=13571, stack(0x0000700003bb4000,0x0000700003cb4000)]
  0x00007fbece012800 JavaThread "Finalizer" daemon [_thread_blocked, id=11779, stack(0x0000700003928000,0x0000700003a28000)]
  0x00007fbecc809000 JavaThread "Reference Handler" daemon [_thread_blocked, id=21507, stack(0x0000700003825000,0x0000700003925000)]
  0x00007fbecd80c000 JavaThread "main" [_thread_blocked, id=4355, stack(0x0000700003213000,0x0000700003313000)]

Other Threads:
  0x00007fbece82f000 VMThread [stack: 0x0000700003722000,0x0000700003822000] [id=11267]
  0x00007fbece019800 WatcherThread [stack: 0x00007000040c3000,0x00007000041c3000] [id=18435]

VM state:synchronizing (normal execution)

VM Mutex/Monitor currently owned by a thread:  ([mutex/lock_event])
[0x00006000013e4e80] Safepoint_lock - owner thread: 0x00007fbece82f000
[0x00006000013e4f00] Threads_lock - owner thread: 0x00007fbece82f000

heap address: 0x0000000740000000, size: 2048 MB, Compressed Oops mode: Zero based, Oop shift amount: 3
Narrow klass base: 0x0000000000000000, Narrow klass shift: 3
Compressed class space size: 1073741824 Address: 0x00000007c0000000

Heap:
 PSYoungGen      total 38400K, used 6140K [0x0000000795580000, 0x0000000798000000, 0x00000007c0000000)
  eden space 33280K, 3% used [0x0000000795580000,0x0000000795682b58,0x0000000797600000)
  from space 5120K, 99% used [0x0000000797600000,0x0000000797afc620,0x0000000797b00000)
  to   space 5120K, 0% used [0x0000000797b00000,0x0000000797b00000,0x0000000798000000)
 ParOldGen       total 45568K, used 9947K [0x0000000740000000, 0x0000000742c80000, 0x0000000795580000)
  object space 45568K, 21% used [0x0000000740000000,0x00000007409b6ca8,0x0000000742c80000)
 Metaspace       used 26857K, capacity 28038K, committed 28288K, reserved 1073152K
  class space    used 3641K, capacity 3884K, committed 3968K, reserved 1048576K

Card table byte_map: [0x0000000102786000,0x0000000102b87000] byte_map_base: 0x00000000fed86000

Marking Bits: (ParMarkBitMap*) 0x00000001037f0488
 Begin Bits: [0x0000000103ecb000, 0x0000000105ecb000)
 End Bits:   [0x0000000105ecb000, 0x0000000107ecb000)

Polling page: 0x00000001022fe000

CodeCache: size=245760Kb used=10172Kb max_used=10208Kb free=235587Kb
 bounds [0x000000010f489000, 0x000000010fe89000, 0x000000011e489000]
 total_blobs=3975 nmethods=3223 adapters=665
 compilation: enabled

Compilation events (10 events):
Event: 11.504 Thread 0x00007fbecd834800 3240       3       javafx.scene.Node::buildEventDispatchChain (100 bytes)
Event: 11.505 Thread 0x00007fbecd834800 nmethod 3240 0x000000010fe83310 code [0x000000010fe835c0, 0x000000010fe84d88]
Event: 11.505 Thread 0x00007fbecd834800 3241       3       javafx.scene.Node$$Lambda$256/1779816153::dispatchEvent (10 bytes)
Event: 11.505 Thread 0x00007fbecd834800 nmethod 3241 0x000000010fe85690 code [0x000000010fe85840, 0x000000010fe85cd8]
Event: 11.537 Thread 0x00007fbecd834800 3242       3       com.sun.javafx.geom.Vec3d::length (33 bytes)
Event: 11.538 Thread 0x00007fbecd834800 nmethod 3242 0x000000010fe85ed0 code [0x000000010fe86040, 0x000000010fe861d0]
Event: 11.560 Thread 0x00007fbecd834800 3243       3       javafx.scene.Scene::access$4802 (6 bytes)
Event: 11.565 Thread 0x00007fbecd834800 nmethod 3243 0x000000010fe86250 code [0x000000010fe863a0, 0x000000010fe864f0]
Event: 11.566 Thread 0x00007fbecd834800 3244       3       javafx.scene.control.Labeled::fontProperty (27 bytes)
Event: 11.567 Thread 0x00007fbecd834800 nmethod 3244 0x000000010fe86590 code [0x000000010fe867a0, 0x000000010fe870e8]

GC Heap History (8 events):
Event: 1.569 GC heap before
{Heap before GC invocations=1 (full 0):
 PSYoungGen      total 38400K, used 33280K [0x0000000795580000, 0x0000000798000000, 0x00000007c0000000)
  eden space 33280K, 100% used [0x0000000795580000,0x0000000797600000,0x0000000797600000)
  from space 5120K, 0% used [0x0000000797b00000,0x0000000797b00000,0x0000000798000000)
  to   space 5120K, 0% used [0x0000000797600000,0x0000000797600000,0x0000000797b00000)
 ParOldGen       total 87552K, used 0K [0x0000000740000000, 0x0000000745580000, 0x0000000795580000)
  object space 87552K, 0% used [0x0000000740000000,0x0000000740000000,0x0000000745580000)
 Metaspace       used 12505K, capacity 12900K, committed 13184K, reserved 1060864K
  class space    used 1445K, capacity 1578K, committed 1664K, reserved 1048576K
Event: 1.576 GC heap after
Heap after GC invocations=1 (full 0):
 PSYoungGen      total 38400K, used 5102K [0x0000000795580000, 0x0000000798000000, 0x00000007c0000000)
  eden space 33280K, 0% used [0x0000000795580000,0x0000000795580000,0x0000000797600000)
  from space 5120K, 99% used [0x0000000797600000,0x0000000797afb8c0,0x0000000797b00000)
  to   space 5120K, 0% used [0x0000000797b00000,0x0000000797b00000,0x0000000798000000)
 ParOldGen       total 87552K, used 2457K [0x0000000740000000, 0x0000000745580000, 0x0000000795580000)
  object space 87552K, 2% used [0x0000000740000000,0x00000007402666e8,0x0000000745580000)
 Metaspace       used 12505K, capacity 12900K, committed 13184K, reserved 1060864K
  class space    used 1445K, capacity 1578K, committed 1664K, reserved 1048576K
}
Event: 5.453 GC heap before
{Heap before GC invocations=2 (full 0):
 PSYoungGen      total 38400K, used 34818K [0x0000000795580000, 0x0000000798000000, 0x00000007c0000000)
  eden space 33280K, 89% used [0x0000000795580000,0x0000000797285050,0x0000000797600000)
  from space 5120K, 99% used [0x0000000797600000,0x0000000797afb8c0,0x0000000797b00000)
  to   space 5120K, 0% used [0x0000000797b00000,0x0000000797b00000,0x0000000798000000)
 ParOldGen       total 87552K, used 2457K [0x0000000740000000, 0x0000000745580000, 0x0000000795580000)
  object space 87552K, 2% used [0x0000000740000000,0x00000007402666e8,0x0000000745580000)
 Metaspace       used 20614K, capacity 21084K, committed 21296K, reserved 1069056K
  class space    used 2522K, capacity 2643K, committed 2688K, reserved 1048576K
Event: 5.465 GC heap after
Heap after GC invocations=2 (full 0):
 PSYoungGen      total 38400K, used 5104K [0x0000000795580000, 0x0000000798000000, 0x00000007c0000000)
  eden space 33280K, 0% used [0x0000000795580000,0x0000000795580000,0x0000000797600000)
  from space 5120K, 99% used [0x0000000797b00000,0x0000000797ffc030,0x0000000798000000)
  to   space 5120K, 0% used [0x0000000797600000,0x0000000797600000,0x0000000797b00000)
 ParOldGen       total 87552K, used 5791K [0x0000000740000000, 0x0000000745580000, 0x0000000795580000)
  object space 87552K, 6% used [0x0000000740000000,0x00000007405a7db0,0x0000000745580000)
 Metaspace       used 20614K, capacity 21084K, committed 21296K, reserved 1069056K
  class space    used 2522K, capacity 2643K, committed 2688K, reserved 1048576K
}
Event: 5.466 GC heap before
{Heap before GC invocations=3 (full 1):
 PSYoungGen      total 38400K, used 5104K [0x0000000795580000, 0x0000000798000000, 0x00000007c0000000)
  eden space 33280K, 0% used [0x0000000795580000,0x0000000795580000,0x0000000797600000)
  from space 5120K, 99% used [0x0000000797b00000,0x0000000797ffc030,0x0000000798000000)
  to   space 5120K, 0% used [0x0000000797600000,0x0000000797600000,0x0000000797b00000)
 ParOldGen       total 87552K, used 5791K [0x0000000740000000, 0x0000000745580000, 0x0000000795580000)
  object space 87552K, 6% used [0x0000000740000000,0x00000007405a7db0,0x0000000745580000)
 Metaspace       used 20614K, capacity 21084K, committed 21296K, reserved 1069056K
  class space    used 2522K, capacity 2643K, committed 2688K, reserved 1048576K
Event: 5.498 GC heap after
Heap after GC invocations=3 (full 1):
 PSYoungGen      total 38400K, used 0K [0x0000000795580000, 0x0000000798000000, 0x00000007c0000000)
  eden space 33280K, 0% used [0x0000000795580000,0x0000000795580000,0x0000000797600000)
  from space 5120K, 0% used [0x0000000797b00000,0x0000000797b00000,0x0000000798000000)
  to   space 5120K, 0% used [0x0000000797600000,0x0000000797600000,0x0000000797b00000)
 ParOldGen       total 45568K, used 8483K [0x0000000740000000, 0x0000000742c80000, 0x0000000795580000)
  object space 45568K, 18% used [0x0000000740000000,0x0000000740848c98,0x0000000742c80000)
 Metaspace       used 20614K, capacity 21084K, committed 21296K, reserved 1069056K
  class space    used 2522K, capacity 2643K, committed 2688K, reserved 1048576K
}
Event: 11.560 GC heap before
{Heap before GC invocations=4 (full 1):
 PSYoungGen      total 38400K, used 33280K [0x0000000795580000, 0x0000000798000000, 0x00000007c0000000)
  eden space 33280K, 100% used [0x0000000795580000,0x0000000797600000,0x0000000797600000)
  from space 5120K, 0% used [0x0000000797b00000,0x0000000797b00000,0x0000000798000000)
  to   space 5120K, 0% used [0x0000000797600000,0x0000000797600000,0x0000000797b00000)
 ParOldGen       total 45568K, used 8483K [0x0000000740000000, 0x0000000742c80000, 0x0000000795580000)
  object space 45568K, 18% used [0x0000000740000000,0x0000000740848c98,0x0000000742c80000)
 Metaspace       used 26852K, capacity 28038K, committed 28288K, reserved 1073152K
  class space    used 3641K, capacity 3884K, committed 3968K, reserved 1048576K
Event: 11.565 GC heap after
Heap after GC invocations=4 (full 1):
 PSYoungGen      total 38400K, used 5105K [0x0000000795580000, 0x0000000798000000, 0x00000007c0000000)
  eden space 33280K, 0% used [0x0000000795580000,0x0000000795580000,0x0000000797600000)
  from space 5120K, 99% used [0x0000000797600000,0x0000000797afc620,0x0000000797b00000)
  to   space 5120K, 0% used [0x0000000797b00000,0x0000000797b00000,0x0000000798000000)
 ParOldGen       total 45568K, used 9947K [0x0000000740000000, 0x0000000742c80000, 0x0000000795580000)
  object space 45568K, 21% used [0x0000000740000000,0x00000007409b6ca8,0x0000000742c80000)
 Metaspace       used 26852K, capacity 28038K, committed 28288K, reserved 1073152K
  class space    used 3641K, capacity 3884K, committed 3968K, reserved 1048576K
}

Deoptimization events (10 events):
Event: 10.168 Thread 0x00007fbece09f000 Uncommon trap: reason=array_check action=maybe_recompile pc=0x000000010fc7c4f8 method=com.sun.javafx.css.SimpleSelector.applies(Ljavafx/css/Styleable;[Ljava/util/Set;I)Z @ 37
Event: 10.168 Thread 0x00007fbece09f000 Uncommon trap: reason=array_check action=maybe_recompile pc=0x000000010fc7c4f8 method=com.sun.javafx.css.SimpleSelector.applies(Ljavafx/css/Styleable;[Ljava/util/Set;I)Z @ 37
Event: 10.181 Thread 0x00007fbece09f000 Uncommon trap: reason=unstable_if action=reinterpret pc=0x000000010fafdd8c method=java.util.ArrayList.indexOf(Ljava/lang/Object;)I @ 1
Event: 10.183 Thread 0x00007fbece09f000 Uncommon trap: reason=unstable_if action=reinterpret pc=0x000000010fcfc774 method=javafx.scene.Node.updateLocalToParentTransform()V @ 4
Event: 10.210 Thread 0x00007fbece09f000 Uncommon trap: reason=unstable_if action=reinterpret pc=0x000000010fac13fc method=jdk.internal.org.objectweb.asm.Type.getArgumentsAndReturnSizes(Ljava/lang/String;)I @ 47
Event: 10.970 Thread 0x00007fbece09f000 Uncommon trap: reason=unstable_if action=reinterpret pc=0x000000010fc7feb8 method=com.sun.javafx.css.SimpleSelector.applies(Ljavafx/css/Styleable;)Z @ 7
Event: 10.983 Thread 0x00007fbece09f000 Uncommon trap: reason=class_check action=maybe_recompile pc=0x000000010fd98a74 method=javafx.scene.CssStyleHelper.lookup(Ljavafx/css/Styleable;Ljavafx/css/CssMetaData;Lcom/sun/javafx/css/StyleMap;Ljava/util/Set;Ljavafx/css/Styleable;Lcom/sun/javafx/css/Ca
Event: 10.993 Thread 0x00007fbece09f000 Uncommon trap: reason=class_check action=maybe_recompile pc=0x000000010fd98a74 method=javafx.scene.CssStyleHelper.lookup(Ljavafx/css/Styleable;Ljavafx/css/CssMetaData;Lcom/sun/javafx/css/StyleMap;Ljava/util/Set;Ljavafx/css/Styleable;Lcom/sun/javafx/css/Ca
Event: 11.052 Thread 0x00007fbece09f000 Uncommon trap: reason=unstable_if action=reinterpret pc=0x000000010fe132f0 method=com.sun.javafx.css.StyleManager.getStyleMap(Ljavafx/css/Styleable;Ljavafx/scene/SubScene;I)Lcom/sun/javafx/css/StyleMap; @ 2
Event: 11.058 Thread 0x00007fbece09f000 Uncommon trap: reason=class_check action=maybe_recompile pc=0x000000010fd98a74 method=javafx.scene.CssStyleHelper.lookup(Ljavafx/css/Styleable;Ljavafx/css/CssMetaData;Lcom/sun/javafx/css/StyleMap;Ljava/util/Set;Ljavafx/css/Styleable;Lcom/sun/javafx/css/Ca

Classes redefined (0 events):
No events

Internal exceptions (10 events):
Event: 5.437 Thread 0x00007fbece09f000 Implicit null exception at 0x000000010f857998 to 0x000000010f857a26
Event: 5.525 Thread 0x00007fbece09f000 Exception <a 'java/io/FileNotFoundException'> (0x00000007957c25f8) thrown at [/jenkins/workspace/8-2-build-macosx-x86_64/jdk8u281/880/hotspot/src/share/vm/prims/jni.cpp, line 710]
Event: 5.526 Thread 0x00007fbece09f000 Exception <a 'java/io/FileNotFoundException'> (0x00000007957c3d78) thrown at [/jenkins/workspace/8-2-build-macosx-x86_64/jdk8u281/880/hotspot/src/share/vm/prims/jni.cpp, line 710]
Event: 6.877 Thread 0x00007fbece09f000 Exception <a 'java/io/FileNotFoundException'> (0x0000000795f42720) thrown at [/jenkins/workspace/8-2-build-macosx-x86_64/jdk8u281/880/hotspot/src/share/vm/prims/jni.cpp, line 710]
Event: 6.877 Thread 0x00007fbece09f000 Exception <a 'java/io/FileNotFoundException'> (0x0000000795f43e88) thrown at [/jenkins/workspace/8-2-build-macosx-x86_64/jdk8u281/880/hotspot/src/share/vm/prims/jni.cpp, line 710]
Event: 6.879 Thread 0x00007fbece09f000 Exception <a 'java/io/FileNotFoundException'> (0x0000000795f52c80) thrown at [/jenkins/workspace/8-2-build-macosx-x86_64/jdk8u281/880/hotspot/src/share/vm/prims/jni.cpp, line 710]
Event: 6.879 Thread 0x00007fbece09f000 Exception <a 'java/io/FileNotFoundException'> (0x0000000795f543e8) thrown at [/jenkins/workspace/8-2-build-macosx-x86_64/jdk8u281/880/hotspot/src/share/vm/prims/jni.cpp, line 710]
Event: 7.293 Thread 0x00007fbece09f000 Implicit null exception at 0x000000010fc79b46 to 0x000000010fc7a2c1
Event: 10.181 Thread 0x00007fbece09f000 Implicit null exception at 0x000000010fafdb36 to 0x000000010fafdd7d
Event: 10.971 Thread 0x00007fbece09f000 Exception <a 'java/io/FileNotFoundException'> (0x00000007972a09f0) thrown at [/jenkins/workspace/8-2-build-macosx-x86_64/jdk8u281/880/hotspot/src/share/vm/prims/jni.cpp, line 710]

Events (10 events):
Event: 11.566 Executing VM operation: RevokeBias
Event: 11.566 Executing VM operation: RevokeBias done
Event: 11.566 Executing VM operation: RevokeBias
Event: 11.566 Executing VM operation: RevokeBias done
Event: 11.566 Executing VM operation: RevokeBias
Event: 11.566 Executing VM operation: RevokeBias done
Event: 11.567 Executing VM operation: RevokeBias
Event: 11.567 Executing VM operation: RevokeBias done
Event: 11.567 Executing VM operation: RevokeBias
Event: 11.567 Thread 0x00007fbecd834800 flushing nmethod 0x000000010f589c10


Dynamic libraries:
0x00007ff826b20000 	/System/Library/Frameworks/Cocoa.framework/Versions/A/Cocoa
0x00007ff812991000 	/System/Library/Frameworks/AppKit.framework/Versions/C/AppKit
0x00007ff815e8d000 	/System/Library/Frameworks/CoreData.framework/Versions/A/CoreData
0x00007ff810da8000 	/System/Library/Frameworks/Foundation.framework/Versions/C/Foundation
0x00007ff81ac55000 	/usr/lib/libSystem.B.dylib
0x00007ff813823000 	/System/Library/PrivateFrameworks/UIFoundation.framework/Versions/A/UIFoundation
0x00007ff820acc000 	/System/Library/PrivateFrameworks/RemoteViewServices.framework/Versions/A/RemoteViewServices
0x00007ff818eb7000 	/System/Library/PrivateFrameworks/XCTTargetBootstrap.framework/Versions/A/XCTTargetBootstrap
0x00007ff81ca65000 	/System/Library/PrivateFrameworks/InternationalSupport.framework/Versions/A/InternationalSupport
0x00007ff81caef000 	/System/Library/PrivateFrameworks/UserActivity.framework/Versions/A/UserActivity
0x00007ff81be45000 	/usr/lib/libspindump.dylib
0x00007ff813ab1000 	/System/Library/Frameworks/UniformTypeIdentifiers.framework/Versions/A/UniformTypeIdentifiers
0x00007ff8175f0000 	/usr/lib/libapp_launch_measurement.dylib
0x00007ff816859000 	/System/Library/PrivateFrameworks/CoreAnalytics.framework/Versions/A/CoreAnalytics
0x00007ff8175f3000 	/System/Library/PrivateFrameworks/CoreAutoLayout.framework/Versions/A/CoreAutoLayout
0x00007ff818813000 	/System/Library/Frameworks/Metal.framework/Versions/A/Metal
0x00007ff81952d000 	/usr/lib/liblangid.dylib
0x00007ff818ebb000 	/System/Library/PrivateFrameworks/CoreSVG.framework/Versions/A/CoreSVG
0x00007ff814e78000 	/System/Library/PrivateFrameworks/SkyLight.framework/Versions/A/SkyLight
0x00007ff81520e000 	/System/Library/Frameworks/CoreGraphics.framework/Versions/A/CoreGraphics
0x00007ff82113b000 	/System/Library/Frameworks/Accelerate.framework/Versions/A/Accelerate
0x00007ff81b8c0000 	/System/Library/PrivateFrameworks/IconServices.framework/Versions/A/IconServices
0x00007ff8187f8000 	/System/Library/Frameworks/IOSurface.framework/Versions/A/IOSurface
0x00007ff816887000 	/usr/lib/libDiagnosticMessagesClient.dylib
0x00007ff81ab75000 	/usr/lib/libz.1.dylib
0x00007ff8247ac000 	/System/Library/Frameworks/ApplicationServices.framework/Versions/A/ApplicationServices
0x00007ff818ea3000 	/System/Library/PrivateFrameworks/DFRFoundation.framework/Versions/A/DFRFoundation
0x00007ff812282000 	/usr/lib/libicucore.A.dylib
0x00007ff81d78a000 	/System/Library/Frameworks/AudioToolbox.framework/Versions/A/AudioToolbox
0x00007ff81ca71000 	/System/Library/PrivateFrameworks/DataDetectorsCore.framework/Versions/A/DataDetectorsCore
0x00007ff9183c9000 	/System/Library/PrivateFrameworks/TextInput.framework/Versions/A/TextInput
0x00007ff814dfc000 	/usr/lib/libMobileGestalt.dylib
0x00007ff818bab000 	/System/Library/Frameworks/Carbon.framework/Versions/A/Frameworks/HIToolbox.framework/Versions/A/HIToolbox
0x00007ff81701d000 	/System/Library/Frameworks/QuartzCore.framework/Versions/A/QuartzCore
0x00007ff811f22000 	/System/Library/Frameworks/Security.framework/Versions/A/Security
0x00007ff820b04000 	/System/Library/Frameworks/Carbon.framework/Versions/A/Frameworks/SpeechRecognition.framework/Versions/A/SpeechRecognition
0x00007ff817350000 	/System/Library/PrivateFrameworks/CoreUI.framework/Versions/A/CoreUI
0x00007ff8117fa000 	/System/Library/Frameworks/CoreAudio.framework/Versions/A/CoreAudio
0x00007ff816975000 	/System/Library/Frameworks/DiskArbitration.framework/Versions/A/DiskArbitration
0x00007ff81c22c000 	/System/Library/PrivateFrameworks/MultitouchSupport.framework/Versions/A/MultitouchSupport
0x00007ff814dfb000 	/usr/lib/libenergytrace.dylib
0x00007ff81287d000 	/System/Library/Frameworks/IOKit.framework/Versions/A/IOKit
0x00007ff820ef0000 	/System/Library/Frameworks/CoreServices.framework/Versions/A/CoreServices
0x00007ff81758a000 	/System/Library/PrivateFrameworks/PerformanceAnalysis.framework/Versions/A/PerformanceAnalysis
0x00007ffa27b99000 	/System/Library/Frameworks/OpenGL.framework/Versions/A/OpenGL
0x00007ff81a1a2000 	/System/Library/PrivateFrameworks/MobileKeyBag.framework/Versions/A/MobileKeyBag
0x00007ff80fd69000 	/usr/lib/libobjc.A.dylib
0x00007ff8158da000 	/System/Library/Frameworks/ColorSync.framework/Versions/A/ColorSync
0x00007ff80ff22000 	/System/Library/Frameworks/CoreFoundation.framework/Versions/A/CoreFoundation
0x00007ff819134000 	/System/Library/Frameworks/CoreImage.framework/Versions/A/CoreImage
0x00007ff811610000 	/System/Library/Frameworks/CoreText.framework/Versions/A/CoreText
0x00007ff818eea000 	/System/Library/Frameworks/ImageIO.framework/Versions/A/ImageIO
0x00007ff81ac5b000 	/System/Library/PrivateFrameworks/SoftLinking.framework/Versions/A/SoftLinking
0x00007ff81763b000 	/usr/lib/libxml2.2.dylib
0x00007ff80fe2f000 	/usr/lib/libc++.1.dylib
0x00007ff81aedf000 	/usr/lib/libcompression.dylib
0x00007ff81c99b000 	/System/Library/PrivateFrameworks/TextureIO.framework/Versions/A/TextureIO
0x00007ff81b5d2000 	/usr/lib/libate.dylib
0x00007ff81ac50000 	/usr/lib/system/libcache.dylib
0x00007ff81ac0c000 	/usr/lib/system/libcommonCrypto.dylib
0x00007ff81ac35000 	/usr/lib/system/libcompiler_rt.dylib
0x00007ff81ac2b000 	/usr/lib/system/libcopyfile.dylib
0x00007ff80fc63000 	/usr/lib/system/libcorecrypto.dylib
0x00007ff80fd22000 	/usr/lib/system/libdispatch.dylib
0x00007ff80fee1000 	/usr/lib/system/libdyld.dylib
0x00007ff81ac47000 	/usr/lib/system/libkeymgr.dylib
0x00007ff81abea000 	/usr/lib/system/libmacho.dylib
0x00007ff81a276000 	/usr/lib/system/libquarantine.dylib
0x00007ff81ac45000 	/usr/lib/system/libremovefile.dylib
0x00007ff814e48000 	/usr/lib/system/libsystem_asl.dylib
0x00007ff80fc11000 	/usr/lib/system/libsystem_blocks.dylib
0x00007ff80fda6000 	/usr/lib/system/libsystem_c.dylib
0x00007ff81ac3d000 	/usr/lib/system/libsystem_collections.dylib
0x00007ff81951e000 	/usr/lib/system/libsystem_configuration.dylib
0x00007ff8187db000 	/usr/lib/system/libsystem_containermanager.dylib
0x00007ff81a927000 	/usr/lib/system/libsystem_coreservices.dylib
0x00007ff81250b000 	/usr/lib/system/libsystem_darwin.dylib
0x00007ff81ac48000 	/usr/lib/system/libsystem_dnssd.dylib
0x00007ff80fda3000 	/usr/lib/system/libsystem_featureflags.dylib
0x00007ff80fef7000 	/usr/lib/system/libsystem_info.dylib
0x00007ff81ab88000 	/usr/lib/system/libsystem_m.dylib
0x00007ff80fcf6000 	/usr/lib/system/libsystem_malloc.dylib
0x00007ff814de5000 	/usr/lib/system/libsystem_networkextension.dylib
0x00007ff812933000 	/usr/lib/system/libsystem_notify.dylib
0x00007ff820dc5000 	/usr/lib/system/libsystem_product_info_filter.dylib
0x00007ff819522000 	/usr/lib/system/libsystem_sandbox.dylib
0x00007ff81ac42000 	/usr/lib/system/libsystem_secinit.dylib
0x00007ff80fe9e000 	/usr/lib/system/libsystem_kernel.dylib
0x00007ff80feed000 	/usr/lib/system/libsystem_platform.dylib
0x00007ff80fed5000 	/usr/lib/system/libsystem_pthread.dylib
0x00007ff8166a0000 	/usr/lib/system/libsystem_symptoms.dylib
0x00007ff80fc4a000 	/usr/lib/system/libsystem_trace.dylib
0x00007ff81ac18000 	/usr/lib/system/libunwind.dylib
0x00007ff80fc13000 	/usr/lib/system/libxpc.dylib
0x00007ff80fe88000 	/usr/lib/libc++abi.dylib
0x00007ff81ac23000 	/usr/lib/liboah.dylib
0x00007ff81b3b0000 	/usr/lib/liblzma.5.dylib
0x00007ff810ab9000 	/System/Library/Frameworks/SystemConfiguration.framework/Versions/A/SystemConfiguration
0x00007ff81ac57000 	/usr/lib/libfakelink.dylib
0x00007ff81494e000 	/System/Library/Frameworks/CFNetwork.framework/Versions/A/CFNetwork
0x00007ff81ad96000 	/usr/lib/libarchive.2.dylib
0x00007ff819529000 	/System/Library/PrivateFrameworks/AppleSystemInfo.framework/Versions/A/AppleSystemInfo
0x00007ff81a29d000 	/usr/lib/libbsm.0.dylib
0x00007ff813f84000 	/usr/lib/libnetwork.dylib
0x00007ff81abf0000 	/usr/lib/system/libkxld.dylib
0x00007ff819ecb000 	/System/Library/PrivateFrameworks/IOMobileFramebuffer.framework/Versions/A/IOMobileFramebuffer
0x00007ffb259be000 	/usr/lib/libCoreEntitlements.dylib
0x00007ff81a909000 	/System/Library/PrivateFrameworks/AppleFSCompression.framework/Versions/A/AppleFSCompression
0x00007ff81a285000 	/usr/lib/libcoretls.dylib
0x00007ff81b3ca000 	/usr/lib/libcoretls_cfhelpers.dylib
0x00007ff81aeda000 	/usr/lib/libpam.2.dylib
0x00007ff8162c2000 	/usr/lib/libsqlite3.dylib
0x00007ff81b439000 	/usr/lib/libxar.1.dylib
0x00007ff81a919000 	/usr/lib/libbz2.1.0.dylib
0x00007ff81ac5c000 	/usr/lib/libpcap.A.dylib
0x00007ff816697000 	/usr/lib/libdns_services.dylib
0x00007ff81aea9000 	/usr/lib/libapple_nghttp2.dylib
0x00007ff81ac93000 	/usr/lib/libiconv.2.dylib
0x00007ff81abe9000 	/usr/lib/libcharset.1.dylib
0x00007ff8175be000 	/System/Library/Frameworks/CoreServices.framework/Versions/A/Frameworks/FSEvents.framework/Versions/A/FSEvents
0x00007ff812515000 	/System/Library/Frameworks/CoreServices.framework/Versions/A/Frameworks/CarbonCore.framework/Versions/A/CarbonCore
0x00007ff8168da000 	/System/Library/Frameworks/CoreServices.framework/Versions/A/Frameworks/Metadata.framework/Versions/A/Metadata
0x00007ff81a92c000 	/System/Library/Frameworks/CoreServices.framework/Versions/A/Frameworks/OSServices.framework/Versions/A/OSServices
0x00007ff81ae1d000 	/System/Library/Frameworks/CoreServices.framework/Versions/A/Frameworks/SearchKit.framework/Versions/A/SearchKit
0x00007ff816629000 	/System/Library/Frameworks/CoreServices.framework/Versions/A/Frameworks/AE.framework/Versions/A/AE
0x00007ff810425000 	/System/Library/Frameworks/CoreServices.framework/Versions/A/Frameworks/LaunchServices.framework/Versions/A/LaunchServices
0x00007ff81b361000 	/System/Library/Frameworks/CoreServices.framework/Versions/A/Frameworks/DictionaryServices.framework/Versions/A/DictionaryServices
0x00007ff8175cb000 	/System/Library/Frameworks/CoreServices.framework/Versions/A/Frameworks/SharedFileList.framework/Versions/A/SharedFileList
0x00007ff81a279000 	/usr/lib/libCheckFix.dylib
0x00007ff814e5f000 	/System/Library/PrivateFrameworks/TCC.framework/Versions/A/TCC
0x00007ff81952f000 	/System/Library/PrivateFrameworks/CoreNLP.framework/Versions/A/CoreNLP
0x00007ff81688a000 	/System/Library/PrivateFrameworks/MetadataUtilities.framework/Versions/A/MetadataUtilities
0x00007ff810b69000 	/usr/lib/libmecabra.dylib
0x00007ff81a2ad000 	/usr/lib/libmecab.dylib
0x00007ff810b34000 	/usr/lib/libCRFSuite.dylib
0x00007ff81a30a000 	/usr/lib/libgermantok.dylib
0x00007ff81ae84000 	/usr/lib/libThaiTokenizer.dylib
0x00007ff81697c000 	/System/Library/Frameworks/Accelerate.framework/Versions/A/Frameworks/vImage.framework/Versions/A/vImage
0x00007ff820ec7000 	/System/Library/Frameworks/Accelerate.framework/Versions/A/Frameworks/vecLib.framework/Versions/A/vecLib
0x00007ff81b47a000 	/System/Library/Frameworks/Accelerate.framework/Versions/A/Frameworks/vecLib.framework/Versions/A/libvMisc.dylib
0x00007ff819ce9000 	/System/Library/Frameworks/Accelerate.framework/Versions/A/Frameworks/vecLib.framework/Versions/A/libvDSP.dylib
0x00007ff81079d000 	/System/Library/Frameworks/Accelerate.framework/Versions/A/Frameworks/vecLib.framework/Versions/A/libBLAS.dylib
0x00007ff81afbb000 	/System/Library/Frameworks/Accelerate.framework/Versions/A/Frameworks/vecLib.framework/Versions/A/libLAPACK.dylib
0x00007ff81a30d000 	/System/Library/Frameworks/Accelerate.framework/Versions/A/Frameworks/vecLib.framework/Versions/A/libLinearAlgebra.dylib
0x00007ff81aec2000 	/System/Library/Frameworks/Accelerate.framework/Versions/A/Frameworks/vecLib.framework/Versions/A/libSparseBLAS.dylib
0x00007ff81afb5000 	/System/Library/Frameworks/Accelerate.framework/Versions/A/Frameworks/vecLib.framework/Versions/A/libQuadrature.dylib
0x00007ff819619000 	/System/Library/Frameworks/Accelerate.framework/Versions/A/Frameworks/vecLib.framework/Versions/A/libBNNS.dylib
0x00007ff810a4a000 	/System/Library/Frameworks/Accelerate.framework/Versions/A/Frameworks/vecLib.framework/Versions/A/libSparse.dylib
0x00007ff819612000 	/System/Library/PrivateFrameworks/LinguisticData.framework/Versions/A/LinguisticData
0x00007ff8109ff000 	/System/Library/PrivateFrameworks/Lexicon.framework/Versions/A/Lexicon
0x00007ff81b473000 	/usr/lib/libChineseTokenizer.dylib
0x00007ff811163000 	/System/Library/PrivateFrameworks/LanguageModeling.framework/Versions/A/LanguageModeling
0x00007ff81ae86000 	/System/Library/PrivateFrameworks/AppleSauce.framework/Versions/A/AppleSauce
0x00007ff819eb9000 	/System/Library/PrivateFrameworks/CoreEmoji.framework/Versions/A/CoreEmoji
0x00007ff81ad85000 	/usr/lib/libcmph.dylib
0x00007ff8175a2000 	/System/Library/Frameworks/OpenDirectory.framework/Versions/A/Frameworks/CFOpenDirectory.framework/Versions/A/CFOpenDirectory
0x00007ff817596000 	/System/Library/Frameworks/OpenDirectory.framework/Versions/A/OpenDirectory
0x00007ff81b3cc000 	/System/Library/PrivateFrameworks/APFS.framework/Versions/A/APFS
0x00007ff81a1da000 	/System/Library/Frameworks/SecurityFoundation.framework/Versions/A/SecurityFoundation
0x00007ff81b447000 	/usr/lib/libutil.dylib
0x00007ff812840000 	/System/Library/PrivateFrameworks/CoreServicesStore.framework/Versions/A/CoreServicesStore
0x00007ff81b44b000 	/usr/lib/libxslt.1.dylib
0x00007ff81a267000 	/System/Library/PrivateFrameworks/BackgroundTaskManagement.framework/Versions/A/BackgroundTaskManagement
0x00007ff81c8bb000 	/System/Library/Frameworks/ImageIO.framework/Versions/A/Resources/libRadiance.dylib
0x00007ff81c8c4000 	/System/Library/Frameworks/ImageIO.framework/Versions/A/Resources/libJPEG.dylib
0x00007ff81c814000 	/System/Library/Frameworks/ImageIO.framework/Versions/A/Resources/libPng.dylib
0x00007ff81c835000 	/System/Library/Frameworks/ImageIO.framework/Versions/A/Resources/libTIFF.dylib
0x00007ff81c924000 	/System/Library/Frameworks/ImageIO.framework/Versions/A/Resources/libGIF.dylib
0x00007ff81c145000 	/System/Library/Frameworks/ImageIO.framework/Versions/A/Resources/libJP2.dylib
0x00007ff81b887000 	/usr/lib/libexpat.1.dylib
0x00007ff81c0fa000 	/System/Library/PrivateFrameworks/AppleJPEG.framework/Versions/A/AppleJPEG
0x00007ff818a6e000 	/System/Library/PrivateFrameworks/FontServices.framework/libFontParser.dylib
0x00007ff8165d3000 	/System/Library/PrivateFrameworks/RunningBoardServices.framework/Versions/A/RunningBoardServices
0x00007ff82709c000 	/System/Library/PrivateFrameworks/IOSurfaceAccelerator.framework/Versions/A/IOSurfaceAccelerator
0x00007ff81c228000 	/System/Library/PrivateFrameworks/WatchdogClient.framework/Versions/A/WatchdogClient
0x00007ff811252000 	/System/Library/Frameworks/CoreDisplay.framework/Versions/A/CoreDisplay
0x00007ff81896d000 	/System/Library/Frameworks/CoreMedia.framework/Versions/A/CoreMedia
0x00007ff81880a000 	/System/Library/PrivateFrameworks/IOAccelerator.framework/Versions/A/IOAccelerator
0x00007ff81771e000 	/System/Library/Frameworks/CoreVideo.framework/Versions/A/CoreVideo
0x00007ff81aed8000 	/System/Library/Frameworks/MetalPerformanceShaders.framework/Versions/A/MetalPerformanceShaders
0x00007ff81c263000 	/System/Library/Frameworks/VideoToolbox.framework/Versions/A/VideoToolbox
0x00007ff81651b000 	/System/Library/PrivateFrameworks/BaseBoard.framework/Versions/A/BaseBoard
0x00007ff8162a8000 	/System/Library/PrivateFrameworks/ProtocolBuffer.framework/Versions/A/ProtocolBuffer
0x00007ff81c8b4000 	/System/Library/PrivateFrameworks/GPUWrangler.framework/Versions/A/GPUWrangler
0x00007ff81c897000 	/System/Library/PrivateFrameworks/IOPresentment.framework/Versions/A/IOPresentment
0x00007ff81c8be000 	/System/Library/PrivateFrameworks/DSExternalDisplay.framework/Versions/A/DSExternalDisplay
0x00007ffa27b8d000 	/System/Library/Frameworks/OpenGL.framework/Versions/A/Libraries/libCoreFSCache.dylib
0x00007ffb13c2e000 	/System/Library/PrivateFrameworks/GPUCompiler.framework/Versions/31001/Libraries/libGPUCompilerUtils.dylib
0x00007ff81c929000 	/System/Library/PrivateFrameworks/CMCaptureCore.framework/Versions/A/CMCaptureCore
0x00007ff81be33000 	/System/Library/PrivateFrameworks/AppServerSupport.framework/Versions/A/AppServerSupport
0x00007ff81e010000 	/System/Library/PrivateFrameworks/perfdata.framework/Versions/A/perfdata
0x00007ff81137e000 	/System/Library/PrivateFrameworks/AudioToolboxCore.framework/Versions/A/AudioToolboxCore
0x00007ff81894a000 	/System/Library/PrivateFrameworks/caulk.framework/Versions/A/caulk
0x00007ff81d934000 	/usr/lib/libAudioStatistics.dylib
0x00007ff914c57000 	/System/Library/PrivateFrameworks/SystemPolicy.framework/Versions/A/SystemPolicy
0x00007ff81db89000 	/usr/lib/libSMC.dylib
0x00007ff8269d3000 	/System/Library/Frameworks/CoreMIDI.framework/Versions/A/CoreMIDI
0x00007ff81c7e4000 	/usr/lib/libAudioToolboxUtility.dylib
0x00007ff911069000 	/System/Library/PrivateFrameworks/OSAServicesClient.framework/Versions/A/OSAServicesClient
0x00007ff81e01d000 	/usr/lib/libperfcheck.dylib
0x00007ff9156e9000 	/usr/lib/libmis.dylib
0x00007ffa27be9000 	/System/Library/Frameworks/OpenGL.framework/Versions/A/Libraries/libGLU.dylib
0x00007ffa27bac000 	/System/Library/Frameworks/OpenGL.framework/Versions/A/Libraries/libGFXShared.dylib
0x00007ffa27dba000 	/System/Library/Frameworks/OpenGL.framework/Versions/A/Libraries/libGL.dylib
0x00007ffa27bb5000 	/System/Library/Frameworks/OpenGL.framework/Versions/A/Libraries/libGLImage.dylib
0x00007ffa27ba9000 	/System/Library/Frameworks/OpenGL.framework/Versions/A/Libraries/libCVMSPluginSupport.dylib
0x00007ffa27b94000 	/System/Library/Frameworks/OpenGL.framework/Versions/A/Libraries/libCoreVMClient.dylib
0x00007ff8194ad000 	/System/Library/Frameworks/MetalPerformanceShaders.framework/Versions/A/Frameworks/MPSCore.framework/Versions/A/MPSCore
0x00007ff81a874000 	/System/Library/Frameworks/MetalPerformanceShaders.framework/Versions/A/Frameworks/MPSImage.framework/Versions/A/MPSImage
0x00007ff81a323000 	/System/Library/Frameworks/MetalPerformanceShaders.framework/Versions/A/Frameworks/MPSNeuralNetwork.framework/Versions/A/MPSNeuralNetwork
0x00007ff81a798000 	/System/Library/Frameworks/MetalPerformanceShaders.framework/Versions/A/Frameworks/MPSMatrix.framework/Versions/A/MPSMatrix
0x00007ff81a554000 	/System/Library/Frameworks/MetalPerformanceShaders.framework/Versions/A/Frameworks/MPSRayIntersector.framework/Versions/A/MPSRayIntersector
0x00007ff81a7d1000 	/System/Library/Frameworks/MetalPerformanceShaders.framework/Versions/A/Frameworks/MPSNDArray.framework/Versions/A/MPSNDArray
0x00007ffa2c7ae000 	/System/Library/Frameworks/MetalPerformanceShaders.framework/Versions/A/Frameworks/MPSFunctions.framework/Versions/A/MPSFunctions
0x00007ff810680000 	/System/Library/PrivateFrameworks/MetalTools.framework/Versions/A/MetalTools
0x00007ff819527000 	/System/Library/PrivateFrameworks/AggregateDictionary.framework/Versions/A/AggregateDictionary
0x00007ff81b669000 	/usr/lib/libIOReport.dylib
0x00007ffa291c9000 	/System/Library/Frameworks/OpenCL.framework/Versions/A/OpenCL
0x00007ff81b9cd000 	/System/Library/PrivateFrameworks/FaceCore.framework/Versions/A/FaceCore
0x00007ff81b9be000 	/System/Library/PrivateFrameworks/GraphVisualizer.framework/Versions/A/GraphVisualizer
0x00007ffb13b39000 	/System/Library/PrivateFrameworks/FontServices.framework/Versions/A/FontServices
0x00007ff81bdea000 	/System/Library/PrivateFrameworks/OTSVG.framework/Versions/A/OTSVG
0x00007ff817306000 	/System/Library/Frameworks/ApplicationServices.framework/Versions/A/Frameworks/ATS.framework/Versions/A/Resources/libFontRegistry.dylib
0x00007ff81be3b000 	/System/Library/PrivateFrameworks/FontServices.framework/libhvf.dylib
0x00007ffb13b3a000 	/System/Library/PrivateFrameworks/FontServices.framework/libXTFontStaticRegistryData.dylib
0x00007ff81b837000 	/System/Library/PrivateFrameworks/AppleVA.framework/Versions/A/AppleVA
0x00007ff81d958000 	/System/Library/Frameworks/ApplicationServices.framework/Versions/A/Frameworks/ATS.framework/Versions/A/ATS
0x00007ff8159d6000 	/System/Library/Frameworks/ApplicationServices.framework/Versions/A/Frameworks/HIServices.framework/Versions/A/HIServices
0x00007ff81c933000 	/System/Library/Frameworks/ApplicationServices.framework/Versions/A/Frameworks/PrintCore.framework/Versions/A/PrintCore
0x00007ff81dcdc000 	/System/Library/Frameworks/ApplicationServices.framework/Versions/A/Frameworks/QD.framework/Versions/A/QD
0x00007ff81dcd4000 	/System/Library/Frameworks/ApplicationServices.framework/Versions/A/Frameworks/ColorSyncLegacy.framework/Versions/A/ColorSyncLegacy
0x00007ff81d948000 	/System/Library/Frameworks/ApplicationServices.framework/Versions/A/Frameworks/SpeechSynthesis.framework/Versions/A/SpeechSynthesis
0x00007ff81c8f4000 	/System/Library/Frameworks/ApplicationServices.framework/Versions/A/Frameworks/ATSUI.framework/Versions/A/ATSUI
0x00007ff81dc69000 	/usr/lib/libcups.2.dylib
0x00007ff81e02c000 	/System/Library/Frameworks/Kerberos.framework/Versions/A/Kerberos
0x00007ff81e03b000 	/System/Library/Frameworks/GSS.framework/Versions/A/GSS
0x00007ff81d9c4000 	/usr/lib/libresolv.9.dylib
0x00007ff81be4a000 	/System/Library/PrivateFrameworks/Heimdal.framework/Versions/A/Heimdal
0x00007ff824b29000 	/System/Library/Frameworks/Kerberos.framework/Versions/A/Libraries/libHeimdalProxy.dylib
0x00007ff8166a8000 	/System/Library/Frameworks/Network.framework/Versions/A/Network
0x00007ff81b8a1000 	/usr/lib/libheimdal-asn1.dylib
0x00007ff81e087000 	/System/Library/PrivateFrameworks/CommonAuth.framework/Versions/A/CommonAuth
0x00007ff81d8c5000 	/System/Library/PrivateFrameworks/AudioSession.framework/Versions/A/AudioSession
0x00007ff81b931000 	/System/Library/PrivateFrameworks/MediaExperience.framework/Versions/A/MediaExperience
0x00007ff81d759000 	/System/Library/PrivateFrameworks/AudioSession.framework/libSessionUtility.dylib
0x00007ff81dce8000 	/System/Library/PrivateFrameworks/AudioResourceArbitration.framework/Versions/A/AudioResourceArbitration
0x00007ff821cda000 	/System/Library/PrivateFrameworks/PowerLog.framework/Versions/A/PowerLog
0x00007ff81b8aa000 	/System/Library/PrivateFrameworks/IconFoundation.framework/Versions/A/IconFoundation
0x00007ff820af4000 	/System/Library/PrivateFrameworks/SpeechRecognitionCore.framework/Versions/A/SpeechRecognitionCore
0x00000001030c8000 	/Library/Internet Plug-Ins/JavaAppletPlugin.plugin/Contents/Home/lib/server/libjvm.dylib
0x000000010230f000 	/Library/Internet Plug-Ins/JavaAppletPlugin.plugin/Contents/Home/lib/libverify.dylib
0x0000000102353000 	/Library/Internet Plug-Ins/JavaAppletPlugin.plugin/Contents/Home/lib/libjava.dylib
0x000000010232d000 	/Library/Internet Plug-Ins/JavaAppletPlugin.plugin/Contents/Home/lib/libzip.dylib
0x0000000103043000 	/Library/Internet Plug-Ins/JavaAppletPlugin.plugin/Contents/Home/lib/libprism_es2.dylib
0x00007ff812801000 	/System/Library/PrivateFrameworks/CoreServicesInternal.framework/Versions/A/CoreServicesInternal
0x00007ffa27dc5000 	/System/Library/Frameworks/OpenGL.framework/Versions/A/Resources/GLEngine.bundle/GLEngine
0x00007ffa27c27000 	/System/Library/Frameworks/OpenGL.framework/Versions/A/Libraries/libGLProgrammability.dylib
0x00007ffa1bfed000 	/System/Library/Extensions/AppleIntelKBLGraphicsGLDriver.bundle/Contents/MacOS/AppleIntelKBLGraphicsGLDriver
0x00007ff91f5cd000 	/System/Library/PrivateFrameworks/GPUSupport.framework/Versions/A/Libraries/libGPUSupportMercury.dylib
0x00007ffa27f54000 	/System/Library/Frameworks/OpenGL.framework/Versions/A/Resources/GLRendererFloat.bundle/GLRendererFloat
0x000000010b29f000 	/Library/Internet Plug-Ins/JavaAppletPlugin.plugin/Contents/Home/lib/libglass.dylib
0x00007ff8222cb000 	/System/Library/Frameworks/FileProvider.framework/Versions/A/FileProvider
0x00007ff816487000 	/System/Library/Frameworks/Accounts.framework/Versions/A/Accounts
0x00007ff822443000 	/System/Library/PrivateFrameworks/GenerationalStorage.framework/Versions/A/GenerationalStorage
0x00007ff822f55000 	/System/Library/PrivateFrameworks/CoreSymbolication.framework/Versions/A/CoreSymbolication
0x00007ff821ccf000 	/System/Library/PrivateFrameworks/SymptomDiagnosticReporter.framework/Versions/A/SymptomDiagnosticReporter
0x00007ff813ac5000 	/System/Library/PrivateFrameworks/DesktopServicesPriv.framework/Versions/A/DesktopServicesPriv
0x00007ff812942000 	/usr/lib/libsandbox.1.dylib
0x00007ff81779d000 	/System/Library/PrivateFrameworks/UserManagement.framework/Versions/A/UserManagement
0x00007ff822f1a000 	/System/Library/PrivateFrameworks/DebugSymbols.framework/Versions/A/DebugSymbols
0x00007ff81dcc9000 	/System/Library/PrivateFrameworks/NetAuth.framework/Versions/A/NetAuth
0x00007ff81ebb8000 	/System/Library/PrivateFrameworks/Sharing.framework/Versions/A/Sharing
0x00007ff817770000 	/System/Library/PrivateFrameworks/login.framework/Versions/A/Frameworks/loginsupport.framework/Versions/A/loginsupport
0x00007ff82405b000 	/System/Library/PrivateFrameworks/Apple80211.framework/Versions/A/Apple80211
0x00007ff81a959000 	/System/Library/PrivateFrameworks/AuthKit.framework/Versions/A/AuthKit
0x00007ff819faf000 	/System/Library/PrivateFrameworks/CoreUtils.framework/Versions/A/CoreUtils
0x00007ff819ed6000 	/System/Library/Frameworks/CoreWLAN.framework/Versions/A/CoreWLAN
0x00007ff81ed13000 	/System/Library/Frameworks/IOBluetooth.framework/Versions/A/IOBluetooth
0x00007ff8240c3000 	/System/Library/PrivateFrameworks/CoreWiFi.framework/Versions/A/CoreWiFi
0x00007ff822aef000 	/System/Library/PrivateFrameworks/FrontBoardServices.framework/Versions/A/FrontBoardServices
0x00007ff822b81000 	/System/Library/PrivateFrameworks/BoardServices.framework/Versions/A/BoardServices
0x00007ff81a1c9000 	/System/Library/PrivateFrameworks/AssertionServices.framework/Versions/A/AssertionServices
0x00007ff824247000 	/System/Library/PrivateFrameworks/BackBoardServices.framework/Versions/A/BackBoardServices
0x00007ff81e116000 	/System/Library/PrivateFrameworks/CorePhoneNumbers.framework/Versions/A/CorePhoneNumbers
0x00007ff821dec000 	/System/Library/PrivateFrameworks/DiskManagement.framework/Versions/A/DiskManagement
0x00007ff821d00000 	/System/Library/PrivateFrameworks/AppleIDAuthSupport.framework/Versions/A/AppleIDAuthSupport
0x00007ffa2e767000 	/System/Library/PrivateFrameworks/AAAFoundation.framework/Versions/A/AAAFoundation
0x00007ff81e0f7000 	/System/Library/PrivateFrameworks/KeychainCircle.framework/Versions/A/KeychainCircle
0x00007ff821db8000 	/System/Library/PrivateFrameworks/MediaKit.framework/Versions/A/MediaKit
0x00007ff821d0c000 	/System/Library/Frameworks/DiscRecording.framework/Versions/A/DiscRecording
0x00007ff81b7af000 	/usr/lib/libCoreStorage.dylib
0x00007ff824536000 	/usr/lib/libcsfde.dylib
0x00007ff81ede0000 	/System/Library/PrivateFrameworks/ProtectedCloudStorage.framework/Versions/A/ProtectedCloudStorage
0x00007ff824532000 	/System/Library/PrivateFrameworks/EFILogin.framework/Versions/A/EFILogin
0x00007ff822469000 	/System/Library/PrivateFrameworks/OctagonTrust.framework/Versions/A/OctagonTrust
0x00007ffb12e5b000 	/System/Library/PrivateFrameworks/CoreUtilsExtras.framework/Versions/A/CoreUtilsExtras
0x00007ff821c42000 	/System/Library/Frameworks/CoreBluetooth.framework/Versions/A/CoreBluetooth
0x00007ff824bae000 	/System/Library/Frameworks/AudioUnit.framework/Versions/A/AudioUnit
0x00007ff81b7a7000 	/usr/lib/libMatch.1.dylib
0x00007ff919b4d000 	/System/Library/Frameworks/Accelerate.framework/Versions/A/Frameworks/vImage.framework/Versions/A/Libraries/libCGInterfaces.dylib
0x000000010c774000 	/usr/lib/libobjc-trampolines.dylib
0x00007ff817496000 	/System/Library/PrivateFrameworks/ViewBridge.framework/Versions/A/ViewBridge
0x000000010eeb5000 	/Library/Internet Plug-Ins/JavaAppletPlugin.plugin/Contents/Home/lib/libnet.dylib
0x000000010f0f8000 	/Library/Internet Plug-Ins/JavaAppletPlugin.plugin/Contents/Home/lib/libsunec.dylib
0x000000010f0e1000 	/Library/Internet Plug-Ins/JavaAppletPlugin.plugin/Contents/Home/lib/libnio.dylib
0x000000010f330000 	/Library/Internet Plug-Ins/JavaAppletPlugin.plugin/Contents/Home/lib/libjavafx_font.dylib
0x00007ff81bf04000 	/System/Library/PrivateFrameworks/login.framework/Versions/A/login
0x00000001225e4000 	/Library/Internet Plug-Ins/JavaAppletPlugin.plugin/Contents/Home/lib/libprism_common.dylib
0x00007ffb25ad0000 	/usr/lib/libRosetta.dylib

VM Arguments:
jvm_args: -Dfile.encoding=UTF-8 
java_command: app.App
java_class_path (initial): /Users/owner/Documents/GitHub/CS316-semester-project/CS316-semester-project/FinalProject/bin:/Users/owner/.p2/pool/plugins/org.eclipse.fx.ide.css.jfx8_3.7.0.202010120832.jar:/Users/owner/Documents/GitHub/CS316-semester-project/CS316-semester-project/JavaProject/mysql-connector-java-8.0.28.jar
Launcher Type: SUN_STANDARD

Environment Variables:
PATH=/usr/bin:/bin:/usr/sbin:/sbin
SHELL=/bin/zsh

Signal Handlers:
SIGSEGV: [libjvm.dylib+0x5a1f9b], sa_mask[0]=11111111011111110111111111111111, sa_flags=SA_ONSTACK|SA_RESTART|SA_SIGINFO
SIGBUS: [libjvm.dylib+0x5a1f9b], sa_mask[0]=11111111011111110111111111111111, sa_flags=SA_RESTART|SA_SIGINFO
SIGFPE: [libjvm.dylib+0x492701], sa_mask[0]=11111111011111110111111111111111, sa_flags=SA_RESTART|SA_SIGINFO
SIGPIPE: [libjvm.dylib+0x492701], sa_mask[0]=11111111011111110111111111111111, sa_flags=SA_RESTART|SA_SIGINFO
SIGXFSZ: [libjvm.dylib+0x492701], sa_mask[0]=11111111011111110111111111111111, sa_flags=SA_RESTART|SA_SIGINFO
SIGILL: [libjvm.dylib+0x492701], sa_mask[0]=11111111011111110111111111111111, sa_flags=SA_RESTART|SA_SIGINFO
SIGUSR1: SIG_DFL, sa_mask[0]=00000000000000000000000000000000, sa_flags=none
SIGUSR2: [libjvm.dylib+0x492ffa], sa_mask[0]=00100000000000000000000000000000, sa_flags=SA_RESTART|SA_SIGINFO
SIGHUP: [libjvm.dylib+0x491209], sa_mask[0]=11111111011111110111111111111111, sa_flags=SA_RESTART|SA_SIGINFO
SIGINT: [libjvm.dylib+0x491209], sa_mask[0]=11111111011111110111111111111111, sa_flags=SA_RESTART|SA_SIGINFO
SIGTERM: [libjvm.dylib+0x491209], sa_mask[0]=11111111011111110111111111111111, sa_flags=SA_RESTART|SA_SIGINFO
SIGQUIT: [libjvm.dylib+0x491209], sa_mask[0]=11111111011111110111111111111111, sa_flags=SA_RESTART|SA_SIGINFO


---------------  S Y S T E M  ---------------

OS:Bsduname:Darwin 21.3.0 Darwin Kernel Version 21.3.0: Wed Jan  5 21:37:58 PST 2022; root:xnu-8019.80.24~20/RELEASE_X86_64 x86_64
rlimit: STACK 8192k, CORE 0k, NPROC 1392, NOFILE 10240, AS infinity
load average:2.35 2.78 2.45

CPU:total 4 (initial active 4) (2 cores per cpu, 2 threads per core) family 6 model 142 stepping 9, cmov, cx8, fxsr, mmx, sse, sse2, sse3, ssse3, sse4.1, sse4.2, popcnt, avx, avx2, aes, clmul, erms, rtm, 3dnowpref, lzcnt, ht, tsc, tscinvbit, bmi1, bmi2, adx

Memory: 4k page, physical 8388608k(82148k free)

/proc/meminfo:


vm_info: Java HotSpot(TM) 64-Bit Server VM (25.281-b09) for bsd-amd64 JRE (1.8.0_281-b09), built on Dec  9 2020 12:44:49 by "java_re" with gcc 4.2.1 Compatible Apple LLVM 10.0.0 (clang-1000.11.45.5)

time: Thu Apr  7 15:05:44 2022
timezone: CDT
elapsed time: 11.590204 seconds (0d 0h 0m 11s)

