#
# A fatal error has been detected by the Java Runtime Environment:
#
#  Internal Error (safepoint.cpp:716), pid=12364, tid=0x0000000000005f0f
#  fatal error: Illegal threadstate encountered: 4
#
# JRE version: Java(TM) SE Runtime Environment (8.0_281-b09) (build 1.8.0_281-b09)
# Java VM: Java HotSpot(TM) 64-Bit Server VM (25.281-b09 mixed mode bsd-amd64 compressed oops)
# Failed to write core dump. Core dumps have been disabled. To enable core dumping, try "ulimit -c unlimited" before starting Java again
#
# If you would like to submit a bug report, please visit:
#   http://bugreport.java.com/bugreport/crash.jsp
# The crash happened outside the Java Virtual Machine in native code.
# See problematic frame for where to report the bug.
#

---------------  T H R E A D  ---------------

Current thread (0x00007fc53e8f2000):  JavaThread "Thread-1" daemon [_thread_in_native, id=24335, stack(0x000070000e108000,0x000070000e208000)]

Stack: [0x000070000e108000,0x000070000e208000],  sp=0x000070000e206ee0,  free space=1019k
Native frames: (J=compiled Java code, j=interpreted, Vv=VM code, C=native code)
V  [libjvm.dylib+0x5a1497]
V  [libjvm.dylib+0x1d8577]
V  [libjvm.dylib+0x4eb4c9]
V  [libjvm.dylib+0x566bf3]
V  [libjvm.dylib+0x2fd108]
C  [libglass.dylib+0x8988]  -[GlassRunnable dealloc]+0x28
C  [Foundation+0x80eab]  -[_NSThreadPerformInfo dealloc]+0x2a
C  [Foundation+0x4dcd7]  -[NSObject(NSThreadPerformAdditions) performSelectorOnMainThread:withObject:waitUntilDone:]+0x7c
j  com.sun.glass.ui.mac.MacApplication._submitForLaterInvocation(Ljava/lang/Runnable;)V+0
j  com.sun.glass.ui.mac.MacApplication.submitForLaterInvocation(Ljava/lang/Runnable;)V+2
j  com.sun.glass.ui.InvokeLaterDispatcher.run()V+82
v  ~StubRoutines::call_stub
V  [libjvm.dylib+0x2d5599]
V  [libjvm.dylib+0x2d4264]
V  [libjvm.dylib+0x2d447f]
V  [libjvm.dylib+0x342b21]
V  [libjvm.dylib+0x5653f2]
V  [libjvm.dylib+0x5652b7]
V  [libjvm.dylib+0x490329]
C  [libsystem_pthread.dylib+0x64f4]  _pthread_start+0x7d
C  [libsystem_pthread.dylib+0x200f]  thread_start+0xf
C  0x0000000000000000

Java frames: (J=compiled Java code, j=interpreted, Vv=VM code)
j  com.sun.glass.ui.mac.MacApplication._submitForLaterInvocation(Ljava/lang/Runnable;)V+0
j  com.sun.glass.ui.mac.MacApplication.submitForLaterInvocation(Ljava/lang/Runnable;)V+2
j  com.sun.glass.ui.InvokeLaterDispatcher.run()V+82
v  ~StubRoutines::call_stub

---------------  P R O C E S S  ---------------

Java Threads: ( => current thread )
  0x00007fc53f27c000 JavaThread "PulseTimer-CVDisplayLink thread" daemon [_thread_in_native, id=48039, stack(0x000070000d86a000,0x000070000d8ea000)]
  0x00007fc53fa37000 JavaThread "Prism Font Disposer" daemon [_thread_blocked, id=34831, stack(0x000070000e59a000,0x000070000e69a000)]
  0x00007fc53f8f9000 JavaThread "mysql-cj-abandoned-connection-cleanup" daemon [_thread_blocked, id=78851, stack(0x000070000e497000,0x000070000e597000)]
  0x00007fc53da16000 JavaThread "JavaFX-Launcher" [_thread_blocked, id=82439, stack(0x000070000e311000,0x000070000e411000)]
  0x00007fc53f047800 JavaThread "JavaFX Application Thread" [_thread_in_native, id=259, stack(0x00007ff7b9668000,0x00007ff7b9e68000)]
=>0x00007fc53e8f2000 JavaThread "Thread-1" daemon [_thread_in_native, id=24335, stack(0x000070000e108000,0x000070000e208000)]
  0x00007fc53d9f4000 JavaThread "QuantumRenderer-0" daemon [_thread_blocked, id=14083, stack(0x000070000e005000,0x000070000e105000)]
  0x00007fc53d842000 JavaThread "Service Thread" daemon [_thread_blocked, id=17411, stack(0x000070000ddff000,0x000070000deff000)]
  0x00007fc53d831000 JavaThread "C1 CompilerThread2" daemon [_thread_blocked, id=13315, stack(0x000070000dcfc000,0x000070000ddfc000)]
  0x00007fc53f825000 JavaThread "C2 CompilerThread1" daemon [_thread_blocked, id=18179, stack(0x000070000dbf9000,0x000070000dcf9000)]
  0x00007fc53f824800 JavaThread "C2 CompilerThread0" daemon [_thread_blocked, id=12803, stack(0x000070000daf6000,0x000070000dbf6000)]
  0x00007fc53f820800 JavaThread "Signal Dispatcher" daemon [_thread_blocked, id=12291, stack(0x000070000d9f3000,0x000070000daf3000)]
  0x00007fc53e82a000 JavaThread "Finalizer" daemon [_thread_blocked, id=20227, stack(0x000070000d767000,0x000070000d867000)]
  0x00007fc53e827800 JavaThread "Reference Handler" daemon [_thread_blocked, id=20739, stack(0x000070000d664000,0x000070000d764000)]
  0x00007fc53e80c800 JavaThread "main" [_thread_blocked, id=3331, stack(0x000070000d052000,0x000070000d152000)]

Other Threads:
  0x00007fc53f020800 VMThread [stack: 0x000070000d561000,0x000070000d661000] [id=21251]
  0x00007fc53f820000 WatcherThread [stack: 0x000070000df02000,0x000070000e002000] [id=13571]

VM state:not at safepoint (normal execution)

VM Mutex/Monitor currently owned by a thread: None

heap address: 0x0000000740000000, size: 2048 MB, Compressed Oops mode: Zero based, Oop shift amount: 3
Narrow klass base: 0x0000000000000000, Narrow klass shift: 3
Compressed class space size: 1073741824 Address: 0x00000007c0000000

Heap:
 PSYoungGen      total 38400K, used 6699K [0x0000000795580000, 0x0000000798000000, 0x00000007c0000000)
  eden space 33280K, 4% used [0x0000000795580000,0x000000079570cf48,0x0000000797600000)
  from space 5120K, 99% used [0x0000000797600000,0x0000000797afe0a0,0x0000000797b00000)
  to   space 5120K, 0% used [0x0000000797b00000,0x0000000797b00000,0x0000000798000000)
 ParOldGen       total 68608K, used 9013K [0x0000000740000000, 0x0000000744300000, 0x0000000795580000)
  object space 68608K, 13% used [0x0000000740000000,0x00000007408cd6c0,0x0000000744300000)
 Metaspace       used 26299K, capacity 27284K, committed 27520K, reserved 1073152K
  class space    used 3407K, capacity 3627K, committed 3712K, reserved 1048576K

Card table byte_map: [0x0000000106659000,0x0000000106a5a000] byte_map_base: 0x0000000102c59000

Marking Bits: (ParMarkBitMap*) 0x00000001076c3488
 Begin Bits: [0x0000000107d9e000, 0x0000000109d9e000)
 End Bits:   [0x0000000109d9e000, 0x000000010bd9e000)

Polling page: 0x00000001061d1000

CodeCache: size=245760Kb used=10456Kb max_used=10484Kb free=235303Kb
 bounds [0x000000010d11e000, 0x000000010db6e000, 0x000000011c11e000]
 total_blobs=4112 nmethods=3357 adapters=668
 compilation: enabled

Compilation events (10 events):
Event: 16.409 Thread 0x00007fc53d831000 nmethod 3357 0x000000010db59a10 code [0x000000010db59ba0, 0x000000010db59fa8]
Event: 16.409 Thread 0x00007fc53d831000 3358       3       com.sun.javafx.css.PseudoClassState::cast (21 bytes)
Event: 16.409 Thread 0x00007fc53d831000 nmethod 3358 0x000000010db59450 code [0x000000010db595e0, 0x000000010db59908]
Event: 16.438 Thread 0x00007fc53d831000 3359       3       javafx.scene.Node$StyleableProperties$2::isSettable (9 bytes)
Event: 16.438 Thread 0x00007fc53f825000 3364       4       com.sun.javafx.css.ParsedValueImpl::containsFontRelativeSize (237 bytes)
Event: 16.439 Thread 0x00007fc53f824800 3365       4       java.util.WeakHashMap::get (77 bytes)
Event: 16.439 Thread 0x00007fc53d831000 nmethod 3359 0x000000010db58ad0 code [0x000000010db58c60, 0x000000010db59288]
Event: 16.439 Thread 0x00007fc53d831000 3360       3       javafx.scene.Node$StyleableProperties$2::isSettable (23 bytes)
Event: 16.442 Thread 0x00007fc53d831000 nmethod 3360 0x000000010db58390 code [0x000000010db58520, 0x000000010db58988]
Event: 16.442 Thread 0x00007fc53d831000 3366       3       javafx.geometry.Insets::equals (75 bytes)

GC Heap History (8 events):
Event: 1.548 GC heap before
{Heap before GC invocations=1 (full 0):
 PSYoungGen      total 38400K, used 33280K [0x0000000795580000, 0x0000000798000000, 0x00000007c0000000)
  eden space 33280K, 100% used [0x0000000795580000,0x0000000797600000,0x0000000797600000)
  from space 5120K, 0% used [0x0000000797b00000,0x0000000797b00000,0x0000000798000000)
  to   space 5120K, 0% used [0x0000000797600000,0x0000000797600000,0x0000000797b00000)
 ParOldGen       total 87552K, used 0K [0x0000000740000000, 0x0000000745580000, 0x0000000795580000)
  object space 87552K, 0% used [0x0000000740000000,0x0000000740000000,0x0000000745580000)
 Metaspace       used 12489K, capacity 12900K, committed 13184K, reserved 1060864K
  class space    used 1442K, capacity 1578K, committed 1664K, reserved 1048576K
Event: 1.554 GC heap after
Heap after GC invocations=1 (full 0):
 PSYoungGen      total 38400K, used 5102K [0x0000000795580000, 0x0000000798000000, 0x00000007c0000000)
  eden space 33280K, 0% used [0x0000000795580000,0x0000000795580000,0x0000000797600000)
  from space 5120K, 99% used [0x0000000797600000,0x0000000797afb8c0,0x0000000797b00000)
  to   space 5120K, 0% used [0x0000000797b00000,0x0000000797b00000,0x0000000798000000)
 ParOldGen       total 87552K, used 2465K [0x0000000740000000, 0x0000000745580000, 0x0000000795580000)
  object space 87552K, 2% used [0x0000000740000000,0x0000000740268498,0x0000000745580000)
 Metaspace       used 12489K, capacity 12900K, committed 13184K, reserved 1060864K
  class space    used 1442K, capacity 1578K, committed 1664K, reserved 1048576K
}
Event: 3.814 GC heap before
{Heap before GC invocations=2 (full 0):
 PSYoungGen      total 38400K, used 28635K [0x0000000795580000, 0x0000000798000000, 0x00000007c0000000)
  eden space 33280K, 70% used [0x0000000795580000,0x0000000796c7b6d0,0x0000000797600000)
  from space 5120K, 99% used [0x0000000797600000,0x0000000797afb8c0,0x0000000797b00000)
  to   space 5120K, 0% used [0x0000000797b00000,0x0000000797b00000,0x0000000798000000)
 ParOldGen       total 87552K, used 2465K [0x0000000740000000, 0x0000000745580000, 0x0000000795580000)
  object space 87552K, 2% used [0x0000000740000000,0x0000000740268498,0x0000000745580000)
 Metaspace       used 20490K, capacity 21024K, committed 21296K, reserved 1069056K
  class space    used 2465K, capacity 2617K, committed 2688K, reserved 1048576K
Event: 3.821 GC heap after
Heap after GC invocations=2 (full 0):
 PSYoungGen      total 38400K, used 5088K [0x0000000795580000, 0x0000000798000000, 0x00000007c0000000)
  eden space 33280K, 0% used [0x0000000795580000,0x0000000795580000,0x0000000797600000)
  from space 5120K, 99% used [0x0000000797b00000,0x0000000797ff8040,0x0000000798000000)
  to   space 5120K, 0% used [0x0000000797600000,0x0000000797600000,0x0000000797b00000)
 ParOldGen       total 87552K, used 6198K [0x0000000740000000, 0x0000000745580000, 0x0000000795580000)
  object space 87552K, 7% used [0x0000000740000000,0x000000074060d888,0x0000000745580000)
 Metaspace       used 20490K, capacity 21024K, committed 21296K, reserved 1069056K
  class space    used 2465K, capacity 2617K, committed 2688K, reserved 1048576K
}
Event: 3.821 GC heap before
{Heap before GC invocations=3 (full 1):
 PSYoungGen      total 38400K, used 5088K [0x0000000795580000, 0x0000000798000000, 0x00000007c0000000)
  eden space 33280K, 0% used [0x0000000795580000,0x0000000795580000,0x0000000797600000)
  from space 5120K, 99% used [0x0000000797b00000,0x0000000797ff8040,0x0000000798000000)
  to   space 5120K, 0% used [0x0000000797600000,0x0000000797600000,0x0000000797b00000)
 ParOldGen       total 87552K, used 6198K [0x0000000740000000, 0x0000000745580000, 0x0000000795580000)
  object space 87552K, 7% used [0x0000000740000000,0x000000074060d888,0x0000000745580000)
 Metaspace       used 20490K, capacity 21024K, committed 21296K, reserved 1069056K
  class space    used 2465K, capacity 2617K, committed 2688K, reserved 1048576K
Event: 3.848 GC heap after
Heap after GC invocations=3 (full 1):
 PSYoungGen      total 38400K, used 0K [0x0000000795580000, 0x0000000798000000, 0x00000007c0000000)
  eden space 33280K, 0% used [0x0000000795580000,0x0000000795580000,0x0000000797600000)
  from space 5120K, 0% used [0x0000000797b00000,0x0000000797b00000,0x0000000798000000)
  to   space 5120K, 0% used [0x0000000797600000,0x0000000797600000,0x0000000797b00000)
 ParOldGen       total 68608K, used 8869K [0x0000000740000000, 0x0000000744300000, 0x0000000795580000)
  object space 68608K, 12% used [0x0000000740000000,0x00000007408a96c0,0x0000000744300000)
 Metaspace       used 20490K, capacity 21024K, committed 21296K, reserved 1069056K
  class space    used 2465K, capacity 2617K, committed 2688K, reserved 1048576K
}
Event: 16.432 GC heap before
{Heap before GC invocations=4 (full 1):
 PSYoungGen      total 38400K, used 33280K [0x0000000795580000, 0x0000000798000000, 0x00000007c0000000)
  eden space 33280K, 100% used [0x0000000795580000,0x0000000797600000,0x0000000797600000)
  from space 5120K, 0% used [0x0000000797b00000,0x0000000797b00000,0x0000000798000000)
  to   space 5120K, 0% used [0x0000000797600000,0x0000000797600000,0x0000000797b00000)
 ParOldGen       total 68608K, used 8869K [0x0000000740000000, 0x0000000744300000, 0x0000000795580000)
  object space 68608K, 12% used [0x0000000740000000,0x00000007408a96c0,0x0000000744300000)
 Metaspace       used 26293K, capacity 27280K, committed 27520K, reserved 1073152K
  class space    used 3407K, capacity 3627K, committed 3712K, reserved 1048576K
Event: 16.437 GC heap after
Heap after GC invocations=4 (full 1):
 PSYoungGen      total 38400K, used 5112K [0x0000000795580000, 0x0000000798000000, 0x00000007c0000000)
  eden space 33280K, 0% used [0x0000000795580000,0x0000000795580000,0x0000000797600000)
  from space 5120K, 99% used [0x0000000797600000,0x0000000797afe0a0,0x0000000797b00000)
  to   space 5120K, 0% used [0x0000000797b00000,0x0000000797b00000,0x0000000798000000)
 ParOldGen       total 68608K, used 9013K [0x0000000740000000, 0x0000000744300000, 0x0000000795580000)
  object space 68608K, 13% used [0x0000000740000000,0x00000007408cd6c0,0x0000000744300000)
 Metaspace       used 26293K, capacity 27280K, committed 27520K, reserved 1073152K
  class space    used 3407K, capacity 3627K, committed 3712K, reserved 1048576K
}

Deoptimization events (10 events):
Event: 4.055 Thread 0x00007fc53f047800 Uncommon trap: reason=bimorphic action=maybe_recompile pc=0x000000010d6bbed0 method=java.io.DataInputStream.readInt()I @ 4
Event: 4.055 Thread 0x00007fc53f047800 Uncommon trap: reason=bimorphic action=maybe_recompile pc=0x000000010d54c480 method=java.io.DataInputStream.readChar()C @ 4
Event: 4.072 Thread 0x00007fc53f047800 Uncommon trap: reason=unstable_if action=reinterpret pc=0x000000010d735130 method=java.lang.ClassLoader.checkName(Ljava/lang/String;)Z @ 20
Event: 4.783 Thread 0x00007fc53f047800 Uncommon trap: reason=unstable_if action=reinterpret pc=0x000000010d660ae8 method=jdk.internal.org.objectweb.asm.Type.getArgumentsAndReturnSizes(Ljava/lang/String;)I @ 47
Event: 5.633 Thread 0x00007fc53f047800 Uncommon trap: reason=array_check action=maybe_recompile pc=0x000000010d89adac method=com.sun.javafx.css.SimpleSelector.applies(Ljavafx/css/Styleable;[Ljava/util/Set;I)Z @ 37
Event: 5.633 Thread 0x00007fc53f047800 Uncommon trap: reason=array_check action=maybe_recompile pc=0x000000010d89adac method=com.sun.javafx.css.SimpleSelector.applies(Ljavafx/css/Styleable;[Ljava/util/Set;I)Z @ 37
Event: 5.633 Thread 0x00007fc53f047800 Uncommon trap: reason=array_check action=maybe_recompile pc=0x000000010d89adac method=com.sun.javafx.css.SimpleSelector.applies(Ljavafx/css/Styleable;[Ljava/util/Set;I)Z @ 37
Event: 5.633 Thread 0x00007fc53f047800 Uncommon trap: reason=array_check action=maybe_recompile pc=0x000000010d89adac method=com.sun.javafx.css.SimpleSelector.applies(Ljavafx/css/Styleable;[Ljava/util/Set;I)Z @ 37
Event: 5.635 Thread 0x00007fc53f047800 Uncommon trap: reason=unstable_if action=reinterpret pc=0x000000010d8451f4 method=com.sun.javafx.css.BitSet.add(Ljava/lang/Object;)Z @ 91
Event: 5.662 Thread 0x00007fc53f047800 Uncommon trap: reason=unstable_if action=reinterpret pc=0x000000010d997678 method=com.sun.javafx.css.CompoundSelector.applies(Ljavafx/css/Styleable;I[Ljava/util/Set;I)Z @ 125

Classes redefined (0 events):
No events

Internal exceptions (10 events):
Event: 3.529 Thread 0x00007fc53f047800 Exception <a 'java/lang/NullPointerException'> (0x000000079649a458) thrown at [/jenkins/workspace/8-2-build-macosx-x86_64/jdk8u281/880/hotspot/src/share/vm/interpreter/linkResolver.cpp, line 1185]
Event: 3.529 Thread 0x00007fc53f047800 Exception <a 'java/lang/NullPointerException'> (0x000000079649a458) thrown at [/jenkins/workspace/8-2-build-macosx-x86_64/jdk8u281/880/hotspot/src/share/vm/prims/jvm.cpp, line 1516]
Event: 3.550 Thread 0x00007fc53f047800 Exception <a 'java/lang/ArrayIndexOutOfBoundsException': 58> (0x0000000796610ed0) thrown at [/jenkins/workspace/8-2-build-macosx-x86_64/jdk8u281/880/hotspot/src/share/vm/interpreter/interpreterRuntime.cpp, line 371]
Event: 3.551 Thread 0x00007fc53f047800 Exception <a 'java/lang/ArrayIndexOutOfBoundsException': 18> (0x0000000796611b70) thrown at [/jenkins/workspace/8-2-build-macosx-x86_64/jdk8u281/880/hotspot/src/share/vm/interpreter/interpreterRuntime.cpp, line 371]
Event: 3.551 Thread 0x00007fc53f047800 Exception <a 'java/lang/ArrayIndexOutOfBoundsException': 86> (0x0000000796612f18) thrown at [/jenkins/workspace/8-2-build-macosx-x86_64/jdk8u281/880/hotspot/src/share/vm/interpreter/interpreterRuntime.cpp, line 371]
Event: 3.921 Thread 0x00007fc53f047800 Implicit null exception at 0x000000010d6f34b5 to 0x000000010d6f36f1
Event: 3.921 Thread 0x00007fc53f047800 Implicit null exception at 0x000000010d49e418 to 0x000000010d49e4a6
Event: 3.933 Thread 0x00007fc53f047800 Exception <a 'java/io/FileNotFoundException'> (0x0000000795be2f70) thrown at [/jenkins/workspace/8-2-build-macosx-x86_64/jdk8u281/880/hotspot/src/share/vm/prims/jni.cpp, line 710]
Event: 3.962 Thread 0x00007fc53f047800 Exception <a 'java/io/FileNotFoundException'> (0x0000000795dbb680) thrown at [/jenkins/workspace/8-2-build-macosx-x86_64/jdk8u281/880/hotspot/src/share/vm/prims/jni.cpp, line 710]
Event: 15.338 Thread 0x00007fc53f047800 Exception <a 'java/io/FileNotFoundException'> (0x000000079741b538) thrown at [/jenkins/workspace/8-2-build-macosx-x86_64/jdk8u281/880/hotspot/src/share/vm/prims/jni.cpp, line 710]

Events (10 events):
Event: 16.437 Executing VM operation: ParallelGCFailedAllocation done
Event: 16.438 Executing VM operation: RevokeBias
Event: 16.438 Executing VM operation: RevokeBias done
Event: 16.438 Executing VM operation: RevokeBias
Event: 16.438 Executing VM operation: RevokeBias done
Event: 16.438 Executing VM operation: RevokeBias
Event: 16.438 Executing VM operation: RevokeBias done
Event: 16.441 Executing VM operation: RevokeBias
Event: 16.441 Executing VM operation: RevokeBias done
Event: 16.442 Executing VM operation: RevokeBias


Dynamic libraries:
0x00007ff826b20000 	/System/Library/Frameworks/Cocoa.framework/Versions/A/Cocoa
0x00007ff812991000 	/System/Library/Frameworks/AppKit.framework/Versions/C/AppKit
0x00007ff815e8d000 	/System/Library/Frameworks/CoreData.framework/Versions/A/CoreData
0x00007ff810da8000 	/System/Library/Frameworks/Foundation.framework/Versions/C/Foundation
0x00007ff81ac55000 	/usr/lib/libSystem.B.dylib
0x00007ff813823000 	/System/Library/PrivateFrameworks/UIFoundation.framework/Versions/A/UIFoundation
0x00007ff820acc000 	/System/Library/PrivateFrameworks/RemoteViewServices.framework/Versions/A/RemoteViewServices
0x00007ff818eb7000 	/System/Library/PrivateFrameworks/XCTTargetBootstrap.framework/Versions/A/XCTTargetBootstrap
0x00007ff81ca65000 	/System/Library/PrivateFrameworks/InternationalSupport.framework/Versions/A/InternationalSupport
0x00007ff81caef000 	/System/Library/PrivateFrameworks/UserActivity.framework/Versions/A/UserActivity
0x00007ff81be45000 	/usr/lib/libspindump.dylib
0x00007ff813ab1000 	/System/Library/Frameworks/UniformTypeIdentifiers.framework/Versions/A/UniformTypeIdentifiers
0x00007ff8175f0000 	/usr/lib/libapp_launch_measurement.dylib
0x00007ff816859000 	/System/Library/PrivateFrameworks/CoreAnalytics.framework/Versions/A/CoreAnalytics
0x00007ff8175f3000 	/System/Library/PrivateFrameworks/CoreAutoLayout.framework/Versions/A/CoreAutoLayout
0x00007ff818813000 	/System/Library/Frameworks/Metal.framework/Versions/A/Metal
0x00007ff81952d000 	/usr/lib/liblangid.dylib
0x00007ff818ebb000 	/System/Library/PrivateFrameworks/CoreSVG.framework/Versions/A/CoreSVG
0x00007ff814e78000 	/System/Library/PrivateFrameworks/SkyLight.framework/Versions/A/SkyLight
0x00007ff81520e000 	/System/Library/Frameworks/CoreGraphics.framework/Versions/A/CoreGraphics
0x00007ff82113b000 	/System/Library/Frameworks/Accelerate.framework/Versions/A/Accelerate
0x00007ff81b8c0000 	/System/Library/PrivateFrameworks/IconServices.framework/Versions/A/IconServices
0x00007ff8187f8000 	/System/Library/Frameworks/IOSurface.framework/Versions/A/IOSurface
0x00007ff816887000 	/usr/lib/libDiagnosticMessagesClient.dylib
0x00007ff81ab75000 	/usr/lib/libz.1.dylib
0x00007ff8247ac000 	/System/Library/Frameworks/ApplicationServices.framework/Versions/A/ApplicationServices
0x00007ff818ea3000 	/System/Library/PrivateFrameworks/DFRFoundation.framework/Versions/A/DFRFoundation
0x00007ff812282000 	/usr/lib/libicucore.A.dylib
0x00007ff81d78a000 	/System/Library/Frameworks/AudioToolbox.framework/Versions/A/AudioToolbox
0x00007ff81ca71000 	/System/Library/PrivateFrameworks/DataDetectorsCore.framework/Versions/A/DataDetectorsCore
0x00007ff9183c9000 	/System/Library/PrivateFrameworks/TextInput.framework/Versions/A/TextInput
0x00007ff814dfc000 	/usr/lib/libMobileGestalt.dylib
0x00007ff818bab000 	/System/Library/Frameworks/Carbon.framework/Versions/A/Frameworks/HIToolbox.framework/Versions/A/HIToolbox
0x00007ff81701d000 	/System/Library/Frameworks/QuartzCore.framework/Versions/A/QuartzCore
0x00007ff811f22000 	/System/Library/Frameworks/Security.framework/Versions/A/Security
0x00007ff820b04000 	/System/Library/Frameworks/Carbon.framework/Versions/A/Frameworks/SpeechRecognition.framework/Versions/A/SpeechRecognition
0x00007ff817350000 	/System/Library/PrivateFrameworks/CoreUI.framework/Versions/A/CoreUI
0x00007ff8117fa000 	/System/Library/Frameworks/CoreAudio.framework/Versions/A/CoreAudio
0x00007ff816975000 	/System/Library/Frameworks/DiskArbitration.framework/Versions/A/DiskArbitration
0x00007ff81c22c000 	/System/Library/PrivateFrameworks/MultitouchSupport.framework/Versions/A/MultitouchSupport
0x00007ff814dfb000 	/usr/lib/libenergytrace.dylib
0x00007ff81287d000 	/System/Library/Frameworks/IOKit.framework/Versions/A/IOKit
0x00007ff820ef0000 	/System/Library/Frameworks/CoreServices.framework/Versions/A/CoreServices
0x00007ff81758a000 	/System/Library/PrivateFrameworks/PerformanceAnalysis.framework/Versions/A/PerformanceAnalysis
0x00007ffa27b99000 	/System/Library/Frameworks/OpenGL.framework/Versions/A/OpenGL
0x00007ff81a1a2000 	/System/Library/PrivateFrameworks/MobileKeyBag.framework/Versions/A/MobileKeyBag
0x00007ff80fd69000 	/usr/lib/libobjc.A.dylib
0x00007ff8158da000 	/System/Library/Frameworks/ColorSync.framework/Versions/A/ColorSync
0x00007ff80ff22000 	/System/Library/Frameworks/CoreFoundation.framework/Versions/A/CoreFoundation
0x00007ff819134000 	/System/Library/Frameworks/CoreImage.framework/Versions/A/CoreImage
0x00007ff811610000 	/System/Library/Frameworks/CoreText.framework/Versions/A/CoreText
0x00007ff818eea000 	/System/Library/Frameworks/ImageIO.framework/Versions/A/ImageIO
0x00007ff81ac5b000 	/System/Library/PrivateFrameworks/SoftLinking.framework/Versions/A/SoftLinking
0x00007ff81763b000 	/usr/lib/libxml2.2.dylib
0x00007ff80fe2f000 	/usr/lib/libc++.1.dylib
0x00007ff81aedf000 	/usr/lib/libcompression.dylib
0x00007ff81c99b000 	/System/Library/PrivateFrameworks/TextureIO.framework/Versions/A/TextureIO
0x00007ff81b5d2000 	/usr/lib/libate.dylib
0x00007ff81ac50000 	/usr/lib/system/libcache.dylib
0x00007ff81ac0c000 	/usr/lib/system/libcommonCrypto.dylib
0x00007ff81ac35000 	/usr/lib/system/libcompiler_rt.dylib
0x00007ff81ac2b000 	/usr/lib/system/libcopyfile.dylib
0x00007ff80fc63000 	/usr/lib/system/libcorecrypto.dylib
0x00007ff80fd22000 	/usr/lib/system/libdispatch.dylib
0x00007ff80fee1000 	/usr/lib/system/libdyld.dylib
0x00007ff81ac47000 	/usr/lib/system/libkeymgr.dylib
0x00007ff81abea000 	/usr/lib/system/libmacho.dylib
0x00007ff81a276000 	/usr/lib/system/libquarantine.dylib
0x00007ff81ac45000 	/usr/lib/system/libremovefile.dylib
0x00007ff814e48000 	/usr/lib/system/libsystem_asl.dylib
0x00007ff80fc11000 	/usr/lib/system/libsystem_blocks.dylib
0x00007ff80fda6000 	/usr/lib/system/libsystem_c.dylib
0x00007ff81ac3d000 	/usr/lib/system/libsystem_collections.dylib
0x00007ff81951e000 	/usr/lib/system/libsystem_configuration.dylib
0x00007ff8187db000 	/usr/lib/system/libsystem_containermanager.dylib
0x00007ff81a927000 	/usr/lib/system/libsystem_coreservices.dylib
0x00007ff81250b000 	/usr/lib/system/libsystem_darwin.dylib
0x00007ff81ac48000 	/usr/lib/system/libsystem_dnssd.dylib
0x00007ff80fda3000 	/usr/lib/system/libsystem_featureflags.dylib
0x00007ff80fef7000 	/usr/lib/system/libsystem_info.dylib
0x00007ff81ab88000 	/usr/lib/system/libsystem_m.dylib
0x00007ff80fcf6000 	/usr/lib/system/libsystem_malloc.dylib
0x00007ff814de5000 	/usr/lib/system/libsystem_networkextension.dylib
0x00007ff812933000 	/usr/lib/system/libsystem_notify.dylib
0x00007ff820dc5000 	/usr/lib/system/libsystem_product_info_filter.dylib
0x00007ff819522000 	/usr/lib/system/libsystem_sandbox.dylib
0x00007ff81ac42000 	/usr/lib/system/libsystem_secinit.dylib
0x00007ff80fe9e000 	/usr/lib/system/libsystem_kernel.dylib
0x00007ff80feed000 	/usr/lib/system/libsystem_platform.dylib
0x00007ff80fed5000 	/usr/lib/system/libsystem_pthread.dylib
0x00007ff8166a0000 	/usr/lib/system/libsystem_symptoms.dylib
0x00007ff80fc4a000 	/usr/lib/system/libsystem_trace.dylib
0x00007ff81ac18000 	/usr/lib/system/libunwind.dylib
0x00007ff80fc13000 	/usr/lib/system/libxpc.dylib
0x00007ff80fe88000 	/usr/lib/libc++abi.dylib
0x00007ff81ac23000 	/usr/lib/liboah.dylib
0x00007ff81b3b0000 	/usr/lib/liblzma.5.dylib
0x00007ff810ab9000 	/System/Library/Frameworks/SystemConfiguration.framework/Versions/A/SystemConfiguration
0x00007ff81ac57000 	/usr/lib/libfakelink.dylib
0x00007ff81494e000 	/System/Library/Frameworks/CFNetwork.framework/Versions/A/CFNetwork
0x00007ff81ad96000 	/usr/lib/libarchive.2.dylib
0x00007ff819529000 	/System/Library/PrivateFrameworks/AppleSystemInfo.framework/Versions/A/AppleSystemInfo
0x00007ff81a29d000 	/usr/lib/libbsm.0.dylib
0x00007ff813f84000 	/usr/lib/libnetwork.dylib
0x00007ff81abf0000 	/usr/lib/system/libkxld.dylib
0x00007ff819ecb000 	/System/Library/PrivateFrameworks/IOMobileFramebuffer.framework/Versions/A/IOMobileFramebuffer
0x00007ffb259be000 	/usr/lib/libCoreEntitlements.dylib
0x00007ff81a909000 	/System/Library/PrivateFrameworks/AppleFSCompression.framework/Versions/A/AppleFSCompression
0x00007ff81a285000 	/usr/lib/libcoretls.dylib
0x00007ff81b3ca000 	/usr/lib/libcoretls_cfhelpers.dylib
0x00007ff81aeda000 	/usr/lib/libpam.2.dylib
0x00007ff8162c2000 	/usr/lib/libsqlite3.dylib
0x00007ff81b439000 	/usr/lib/libxar.1.dylib
0x00007ff81a919000 	/usr/lib/libbz2.1.0.dylib
0x00007ff81ac5c000 	/usr/lib/libpcap.A.dylib
0x00007ff816697000 	/usr/lib/libdns_services.dylib
0x00007ff81aea9000 	/usr/lib/libapple_nghttp2.dylib
0x00007ff81ac93000 	/usr/lib/libiconv.2.dylib
0x00007ff81abe9000 	/usr/lib/libcharset.1.dylib
0x00007ff8175be000 	/System/Library/Frameworks/CoreServices.framework/Versions/A/Frameworks/FSEvents.framework/Versions/A/FSEvents
0x00007ff812515000 	/System/Library/Frameworks/CoreServices.framework/Versions/A/Frameworks/CarbonCore.framework/Versions/A/CarbonCore
0x00007ff8168da000 	/System/Library/Frameworks/CoreServices.framework/Versions/A/Frameworks/Metadata.framework/Versions/A/Metadata
0x00007ff81a92c000 	/System/Library/Frameworks/CoreServices.framework/Versions/A/Frameworks/OSServices.framework/Versions/A/OSServices
0x00007ff81ae1d000 	/System/Library/Frameworks/CoreServices.framework/Versions/A/Frameworks/SearchKit.framework/Versions/A/SearchKit
0x00007ff816629000 	/System/Library/Frameworks/CoreServices.framework/Versions/A/Frameworks/AE.framework/Versions/A/AE
0x00007ff810425000 	/System/Library/Frameworks/CoreServices.framework/Versions/A/Frameworks/LaunchServices.framework/Versions/A/LaunchServices
0x00007ff81b361000 	/System/Library/Frameworks/CoreServices.framework/Versions/A/Frameworks/DictionaryServices.framework/Versions/A/DictionaryServices
0x00007ff8175cb000 	/System/Library/Frameworks/CoreServices.framework/Versions/A/Frameworks/SharedFileList.framework/Versions/A/SharedFileList
0x00007ff81a279000 	/usr/lib/libCheckFix.dylib
0x00007ff814e5f000 	/System/Library/PrivateFrameworks/TCC.framework/Versions/A/TCC
0x00007ff81952f000 	/System/Library/PrivateFrameworks/CoreNLP.framework/Versions/A/CoreNLP
0x00007ff81688a000 	/System/Library/PrivateFrameworks/MetadataUtilities.framework/Versions/A/MetadataUtilities
0x00007ff810b69000 	/usr/lib/libmecabra.dylib
0x00007ff81a2ad000 	/usr/lib/libmecab.dylib
0x00007ff810b34000 	/usr/lib/libCRFSuite.dylib
0x00007ff81a30a000 	/usr/lib/libgermantok.dylib
0x00007ff81ae84000 	/usr/lib/libThaiTokenizer.dylib
0x00007ff81697c000 	/System/Library/Frameworks/Accelerate.framework/Versions/A/Frameworks/vImage.framework/Versions/A/vImage
0x00007ff820ec7000 	/System/Library/Frameworks/Accelerate.framework/Versions/A/Frameworks/vecLib.framework/Versions/A/vecLib
0x00007ff81b47a000 	/System/Library/Frameworks/Accelerate.framework/Versions/A/Frameworks/vecLib.framework/Versions/A/libvMisc.dylib
0x00007ff819ce9000 	/System/Library/Frameworks/Accelerate.framework/Versions/A/Frameworks/vecLib.framework/Versions/A/libvDSP.dylib
0x00007ff81079d000 	/System/Library/Frameworks/Accelerate.framework/Versions/A/Frameworks/vecLib.framework/Versions/A/libBLAS.dylib
0x00007ff81afbb000 	/System/Library/Frameworks/Accelerate.framework/Versions/A/Frameworks/vecLib.framework/Versions/A/libLAPACK.dylib
0x00007ff81a30d000 	/System/Library/Frameworks/Accelerate.framework/Versions/A/Frameworks/vecLib.framework/Versions/A/libLinearAlgebra.dylib
0x00007ff81aec2000 	/System/Library/Frameworks/Accelerate.framework/Versions/A/Frameworks/vecLib.framework/Versions/A/libSparseBLAS.dylib
0x00007ff81afb5000 	/System/Library/Frameworks/Accelerate.framework/Versions/A/Frameworks/vecLib.framework/Versions/A/libQuadrature.dylib
0x00007ff819619000 	/System/Library/Frameworks/Accelerate.framework/Versions/A/Frameworks/vecLib.framework/Versions/A/libBNNS.dylib
0x00007ff810a4a000 	/System/Library/Frameworks/Accelerate.framework/Versions/A/Frameworks/vecLib.framework/Versions/A/libSparse.dylib
0x00007ff819612000 	/System/Library/PrivateFrameworks/LinguisticData.framework/Versions/A/LinguisticData
0x00007ff8109ff000 	/System/Library/PrivateFrameworks/Lexicon.framework/Versions/A/Lexicon
0x00007ff81b473000 	/usr/lib/libChineseTokenizer.dylib
0x00007ff811163000 	/System/Library/PrivateFrameworks/LanguageModeling.framework/Versions/A/LanguageModeling
0x00007ff81ae86000 	/System/Library/PrivateFrameworks/AppleSauce.framework/Versions/A/AppleSauce
0x00007ff819eb9000 	/System/Library/PrivateFrameworks/CoreEmoji.framework/Versions/A/CoreEmoji
0x00007ff81ad85000 	/usr/lib/libcmph.dylib
0x00007ff8175a2000 	/System/Library/Frameworks/OpenDirectory.framework/Versions/A/Frameworks/CFOpenDirectory.framework/Versions/A/CFOpenDirectory
0x00007ff817596000 	/System/Library/Frameworks/OpenDirectory.framework/Versions/A/OpenDirectory
0x00007ff81b3cc000 	/System/Library/PrivateFrameworks/APFS.framework/Versions/A/APFS
0x00007ff81a1da000 	/System/Library/Frameworks/SecurityFoundation.framework/Versions/A/SecurityFoundation
0x00007ff81b447000 	/usr/lib/libutil.dylib
0x00007ff812840000 	/System/Library/PrivateFrameworks/CoreServicesStore.framework/Versions/A/CoreServicesStore
0x00007ff81b44b000 	/usr/lib/libxslt.1.dylib
0x00007ff81a267000 	/System/Library/PrivateFrameworks/BackgroundTaskManagement.framework/Versions/A/BackgroundTaskManagement
0x00007ff81c8bb000 	/System/Library/Frameworks/ImageIO.framework/Versions/A/Resources/libRadiance.dylib
0x00007ff81c8c4000 	/System/Library/Frameworks/ImageIO.framework/Versions/A/Resources/libJPEG.dylib
0x00007ff81c814000 	/System/Library/Frameworks/ImageIO.framework/Versions/A/Resources/libPng.dylib
0x00007ff81c835000 	/System/Library/Frameworks/ImageIO.framework/Versions/A/Resources/libTIFF.dylib
0x00007ff81c924000 	/System/Library/Frameworks/ImageIO.framework/Versions/A/Resources/libGIF.dylib
0x00007ff81c145000 	/System/Library/Frameworks/ImageIO.framework/Versions/A/Resources/libJP2.dylib
0x00007ff81b887000 	/usr/lib/libexpat.1.dylib
0x00007ff81c0fa000 	/System/Library/PrivateFrameworks/AppleJPEG.framework/Versions/A/AppleJPEG
0x00007ff818a6e000 	/System/Library/PrivateFrameworks/FontServices.framework/libFontParser.dylib
0x00007ff8165d3000 	/System/Library/PrivateFrameworks/RunningBoardServices.framework/Versions/A/RunningBoardServices
0x00007ff82709c000 	/System/Library/PrivateFrameworks/IOSurfaceAccelerator.framework/Versions/A/IOSurfaceAccelerator
0x00007ff81c228000 	/System/Library/PrivateFrameworks/WatchdogClient.framework/Versions/A/WatchdogClient
0x00007ff811252000 	/System/Library/Frameworks/CoreDisplay.framework/Versions/A/CoreDisplay
0x00007ff81896d000 	/System/Library/Frameworks/CoreMedia.framework/Versions/A/CoreMedia
0x00007ff81880a000 	/System/Library/PrivateFrameworks/IOAccelerator.framework/Versions/A/IOAccelerator
0x00007ff81771e000 	/System/Library/Frameworks/CoreVideo.framework/Versions/A/CoreVideo
0x00007ff81aed8000 	/System/Library/Frameworks/MetalPerformanceShaders.framework/Versions/A/MetalPerformanceShaders
0x00007ff81c263000 	/System/Library/Frameworks/VideoToolbox.framework/Versions/A/VideoToolbox
0x00007ff81651b000 	/System/Library/PrivateFrameworks/BaseBoard.framework/Versions/A/BaseBoard
0x00007ff8162a8000 	/System/Library/PrivateFrameworks/ProtocolBuffer.framework/Versions/A/ProtocolBuffer
0x00007ff81c8b4000 	/System/Library/PrivateFrameworks/GPUWrangler.framework/Versions/A/GPUWrangler
0x00007ff81c897000 	/System/Library/PrivateFrameworks/IOPresentment.framework/Versions/A/IOPresentment
0x00007ff81c8be000 	/System/Library/PrivateFrameworks/DSExternalDisplay.framework/Versions/A/DSExternalDisplay
0x00007ffa27b8d000 	/System/Library/Frameworks/OpenGL.framework/Versions/A/Libraries/libCoreFSCache.dylib
0x00007ffb13c2e000 	/System/Library/PrivateFrameworks/GPUCompiler.framework/Versions/31001/Libraries/libGPUCompilerUtils.dylib
0x00007ff81c929000 	/System/Library/PrivateFrameworks/CMCaptureCore.framework/Versions/A/CMCaptureCore
0x00007ff81be33000 	/System/Library/PrivateFrameworks/AppServerSupport.framework/Versions/A/AppServerSupport
0x00007ff81e010000 	/System/Library/PrivateFrameworks/perfdata.framework/Versions/A/perfdata
0x00007ff81137e000 	/System/Library/PrivateFrameworks/AudioToolboxCore.framework/Versions/A/AudioToolboxCore
0x00007ff81894a000 	/System/Library/PrivateFrameworks/caulk.framework/Versions/A/caulk
0x00007ff81d934000 	/usr/lib/libAudioStatistics.dylib
0x00007ff914c57000 	/System/Library/PrivateFrameworks/SystemPolicy.framework/Versions/A/SystemPolicy
0x00007ff81db89000 	/usr/lib/libSMC.dylib
0x00007ff8269d3000 	/System/Library/Frameworks/CoreMIDI.framework/Versions/A/CoreMIDI
0x00007ff81c7e4000 	/usr/lib/libAudioToolboxUtility.dylib
0x00007ff911069000 	/System/Library/PrivateFrameworks/OSAServicesClient.framework/Versions/A/OSAServicesClient
0x00007ff81e01d000 	/usr/lib/libperfcheck.dylib
0x00007ff9156e9000 	/usr/lib/libmis.dylib
0x00007ffa27be9000 	/System/Library/Frameworks/OpenGL.framework/Versions/A/Libraries/libGLU.dylib
0x00007ffa27bac000 	/System/Library/Frameworks/OpenGL.framework/Versions/A/Libraries/libGFXShared.dylib
0x00007ffa27dba000 	/System/Library/Frameworks/OpenGL.framework/Versions/A/Libraries/libGL.dylib
0x00007ffa27bb5000 	/System/Library/Frameworks/OpenGL.framework/Versions/A/Libraries/libGLImage.dylib
0x00007ffa27ba9000 	/System/Library/Frameworks/OpenGL.framework/Versions/A/Libraries/libCVMSPluginSupport.dylib
0x00007ffa27b94000 	/System/Library/Frameworks/OpenGL.framework/Versions/A/Libraries/libCoreVMClient.dylib
0x00007ff8194ad000 	/System/Library/Frameworks/MetalPerformanceShaders.framework/Versions/A/Frameworks/MPSCore.framework/Versions/A/MPSCore
0x00007ff81a874000 	/System/Library/Frameworks/MetalPerformanceShaders.framework/Versions/A/Frameworks/MPSImage.framework/Versions/A/MPSImage
0x00007ff81a323000 	/System/Library/Frameworks/MetalPerformanceShaders.framework/Versions/A/Frameworks/MPSNeuralNetwork.framework/Versions/A/MPSNeuralNetwork
0x00007ff81a798000 	/System/Library/Frameworks/MetalPerformanceShaders.framework/Versions/A/Frameworks/MPSMatrix.framework/Versions/A/MPSMatrix
0x00007ff81a554000 	/System/Library/Frameworks/MetalPerformanceShaders.framework/Versions/A/Frameworks/MPSRayIntersector.framework/Versions/A/MPSRayIntersector
0x00007ff81a7d1000 	/System/Library/Frameworks/MetalPerformanceShaders.framework/Versions/A/Frameworks/MPSNDArray.framework/Versions/A/MPSNDArray
0x00007ffa2c7ae000 	/System/Library/Frameworks/MetalPerformanceShaders.framework/Versions/A/Frameworks/MPSFunctions.framework/Versions/A/MPSFunctions
0x00007ff810680000 	/System/Library/PrivateFrameworks/MetalTools.framework/Versions/A/MetalTools
0x00007ff819527000 	/System/Library/PrivateFrameworks/AggregateDictionary.framework/Versions/A/AggregateDictionary
0x00007ff81b669000 	/usr/lib/libIOReport.dylib
0x00007ffa291c9000 	/System/Library/Frameworks/OpenCL.framework/Versions/A/OpenCL
0x00007ff81b9cd000 	/System/Library/PrivateFrameworks/FaceCore.framework/Versions/A/FaceCore
0x00007ff81b9be000 	/System/Library/PrivateFrameworks/GraphVisualizer.framework/Versions/A/GraphVisualizer
0x00007ffb13b39000 	/System/Library/PrivateFrameworks/FontServices.framework/Versions/A/FontServices
0x00007ff81bdea000 	/System/Library/PrivateFrameworks/OTSVG.framework/Versions/A/OTSVG
0x00007ff817306000 	/System/Library/Frameworks/ApplicationServices.framework/Versions/A/Frameworks/ATS.framework/Versions/A/Resources/libFontRegistry.dylib
0x00007ff81be3b000 	/System/Library/PrivateFrameworks/FontServices.framework/libhvf.dylib
0x00007ffb13b3a000 	/System/Library/PrivateFrameworks/FontServices.framework/libXTFontStaticRegistryData.dylib
0x00007ff81b837000 	/System/Library/PrivateFrameworks/AppleVA.framework/Versions/A/AppleVA
0x00007ff81d958000 	/System/Library/Frameworks/ApplicationServices.framework/Versions/A/Frameworks/ATS.framework/Versions/A/ATS
0x00007ff8159d6000 	/System/Library/Frameworks/ApplicationServices.framework/Versions/A/Frameworks/HIServices.framework/Versions/A/HIServices
0x00007ff81c933000 	/System/Library/Frameworks/ApplicationServices.framework/Versions/A/Frameworks/PrintCore.framework/Versions/A/PrintCore
0x00007ff81dcdc000 	/System/Library/Frameworks/ApplicationServices.framework/Versions/A/Frameworks/QD.framework/Versions/A/QD
0x00007ff81dcd4000 	/System/Library/Frameworks/ApplicationServices.framework/Versions/A/Frameworks/ColorSyncLegacy.framework/Versions/A/ColorSyncLegacy
0x00007ff81d948000 	/System/Library/Frameworks/ApplicationServices.framework/Versions/A/Frameworks/SpeechSynthesis.framework/Versions/A/SpeechSynthesis
0x00007ff81c8f4000 	/System/Library/Frameworks/ApplicationServices.framework/Versions/A/Frameworks/ATSUI.framework/Versions/A/ATSUI
0x00007ff81dc69000 	/usr/lib/libcups.2.dylib
0x00007ff81e02c000 	/System/Library/Frameworks/Kerberos.framework/Versions/A/Kerberos
0x00007ff81e03b000 	/System/Library/Frameworks/GSS.framework/Versions/A/GSS
0x00007ff81d9c4000 	/usr/lib/libresolv.9.dylib
0x00007ff81be4a000 	/System/Library/PrivateFrameworks/Heimdal.framework/Versions/A/Heimdal
0x00007ff824b29000 	/System/Library/Frameworks/Kerberos.framework/Versions/A/Libraries/libHeimdalProxy.dylib
0x00007ff8166a8000 	/System/Library/Frameworks/Network.framework/Versions/A/Network
0x00007ff81b8a1000 	/usr/lib/libheimdal-asn1.dylib
0x00007ff81e087000 	/System/Library/PrivateFrameworks/CommonAuth.framework/Versions/A/CommonAuth
0x00007ff81d8c5000 	/System/Library/PrivateFrameworks/AudioSession.framework/Versions/A/AudioSession
0x00007ff81b931000 	/System/Library/PrivateFrameworks/MediaExperience.framework/Versions/A/MediaExperience
0x00007ff81d759000 	/System/Library/PrivateFrameworks/AudioSession.framework/libSessionUtility.dylib
0x00007ff81dce8000 	/System/Library/PrivateFrameworks/AudioResourceArbitration.framework/Versions/A/AudioResourceArbitration
0x00007ff821cda000 	/System/Library/PrivateFrameworks/PowerLog.framework/Versions/A/PowerLog
0x00007ff81b8aa000 	/System/Library/PrivateFrameworks/IconFoundation.framework/Versions/A/IconFoundation
0x00007ff820af4000 	/System/Library/PrivateFrameworks/SpeechRecognitionCore.framework/Versions/A/SpeechRecognitionCore
0x0000000106f9b000 	/Library/Internet Plug-Ins/JavaAppletPlugin.plugin/Contents/Home/lib/server/libjvm.dylib
0x00000001061e2000 	/Library/Internet Plug-Ins/JavaAppletPlugin.plugin/Contents/Home/lib/libverify.dylib
0x0000000106226000 	/Library/Internet Plug-Ins/JavaAppletPlugin.plugin/Contents/Home/lib/libjava.dylib
0x0000000106200000 	/Library/Internet Plug-Ins/JavaAppletPlugin.plugin/Contents/Home/lib/libzip.dylib
0x0000000106f16000 	/Library/Internet Plug-Ins/JavaAppletPlugin.plugin/Contents/Home/lib/libprism_es2.dylib
0x00007ff812801000 	/System/Library/PrivateFrameworks/CoreServicesInternal.framework/Versions/A/CoreServicesInternal
0x00007ffa27dc5000 	/System/Library/Frameworks/OpenGL.framework/Versions/A/Resources/GLEngine.bundle/GLEngine
0x00007ffa27c27000 	/System/Library/Frameworks/OpenGL.framework/Versions/A/Libraries/libGLProgrammability.dylib
0x00007ffa1bfed000 	/System/Library/Extensions/AppleIntelKBLGraphicsGLDriver.bundle/Contents/MacOS/AppleIntelKBLGraphicsGLDriver
0x00007ff91f5cd000 	/System/Library/PrivateFrameworks/GPUSupport.framework/Versions/A/Libraries/libGPUSupportMercury.dylib
0x00007ffa27f54000 	/System/Library/Frameworks/OpenGL.framework/Versions/A/Resources/GLRendererFloat.bundle/GLRendererFloat
0x000000010cead000 	/Library/Internet Plug-Ins/JavaAppletPlugin.plugin/Contents/Home/lib/libglass.dylib
0x00007ff8222cb000 	/System/Library/Frameworks/FileProvider.framework/Versions/A/FileProvider
0x00007ff816487000 	/System/Library/Frameworks/Accounts.framework/Versions/A/Accounts
0x00007ff822443000 	/System/Library/PrivateFrameworks/GenerationalStorage.framework/Versions/A/GenerationalStorage
0x00007ff822f55000 	/System/Library/PrivateFrameworks/CoreSymbolication.framework/Versions/A/CoreSymbolication
0x00007ff821ccf000 	/System/Library/PrivateFrameworks/SymptomDiagnosticReporter.framework/Versions/A/SymptomDiagnosticReporter
0x00007ff813ac5000 	/System/Library/PrivateFrameworks/DesktopServicesPriv.framework/Versions/A/DesktopServicesPriv
0x00007ff812942000 	/usr/lib/libsandbox.1.dylib
0x00007ff81779d000 	/System/Library/PrivateFrameworks/UserManagement.framework/Versions/A/UserManagement
0x00007ff822f1a000 	/System/Library/PrivateFrameworks/DebugSymbols.framework/Versions/A/DebugSymbols
0x00007ff81dcc9000 	/System/Library/PrivateFrameworks/NetAuth.framework/Versions/A/NetAuth
0x00007ff81ebb8000 	/System/Library/PrivateFrameworks/Sharing.framework/Versions/A/Sharing
0x00007ff817770000 	/System/Library/PrivateFrameworks/login.framework/Versions/A/Frameworks/loginsupport.framework/Versions/A/loginsupport
0x00007ff82405b000 	/System/Library/PrivateFrameworks/Apple80211.framework/Versions/A/Apple80211
0x00007ff81a959000 	/System/Library/PrivateFrameworks/AuthKit.framework/Versions/A/AuthKit
0x00007ff819faf000 	/System/Library/PrivateFrameworks/CoreUtils.framework/Versions/A/CoreUtils
0x00007ff819ed6000 	/System/Library/Frameworks/CoreWLAN.framework/Versions/A/CoreWLAN
0x00007ff81ed13000 	/System/Library/Frameworks/IOBluetooth.framework/Versions/A/IOBluetooth
0x00007ff8240c3000 	/System/Library/PrivateFrameworks/CoreWiFi.framework/Versions/A/CoreWiFi
0x00007ff822aef000 	/System/Library/PrivateFrameworks/FrontBoardServices.framework/Versions/A/FrontBoardServices
0x00007ff822b81000 	/System/Library/PrivateFrameworks/BoardServices.framework/Versions/A/BoardServices
0x00007ff81a1c9000 	/System/Library/PrivateFrameworks/AssertionServices.framework/Versions/A/AssertionServices
0x00007ff824247000 	/System/Library/PrivateFrameworks/BackBoardServices.framework/Versions/A/BackBoardServices
0x00007ff81e116000 	/System/Library/PrivateFrameworks/CorePhoneNumbers.framework/Versions/A/CorePhoneNumbers
0x00007ff821dec000 	/System/Library/PrivateFrameworks/DiskManagement.framework/Versions/A/DiskManagement
0x00007ff821d00000 	/System/Library/PrivateFrameworks/AppleIDAuthSupport.framework/Versions/A/AppleIDAuthSupport
0x00007ffa2e767000 	/System/Library/PrivateFrameworks/AAAFoundation.framework/Versions/A/AAAFoundation
0x00007ff81e0f7000 	/System/Library/PrivateFrameworks/KeychainCircle.framework/Versions/A/KeychainCircle
0x00007ff821db8000 	/System/Library/PrivateFrameworks/MediaKit.framework/Versions/A/MediaKit
0x00007ff821d0c000 	/System/Library/Frameworks/DiscRecording.framework/Versions/A/DiscRecording
0x00007ff81b7af000 	/usr/lib/libCoreStorage.dylib
0x00007ff824536000 	/usr/lib/libcsfde.dylib
0x00007ff81ede0000 	/System/Library/PrivateFrameworks/ProtectedCloudStorage.framework/Versions/A/ProtectedCloudStorage
0x00007ff824532000 	/System/Library/PrivateFrameworks/EFILogin.framework/Versions/A/EFILogin
0x00007ff822469000 	/System/Library/PrivateFrameworks/OctagonTrust.framework/Versions/A/OctagonTrust
0x00007ffb12e5b000 	/System/Library/PrivateFrameworks/CoreUtilsExtras.framework/Versions/A/CoreUtilsExtras
0x00007ff821c42000 	/System/Library/Frameworks/CoreBluetooth.framework/Versions/A/CoreBluetooth
0x00007ff824bae000 	/System/Library/Frameworks/AudioUnit.framework/Versions/A/AudioUnit
0x00007ff81b7a7000 	/usr/lib/libMatch.1.dylib
0x00007ff919b4d000 	/System/Library/Frameworks/Accelerate.framework/Versions/A/Frameworks/vImage.framework/Versions/A/Libraries/libCGInterfaces.dylib
0x000000011f655000 	/usr/lib/libobjc-trampolines.dylib
0x00007ff817496000 	/System/Library/PrivateFrameworks/ViewBridge.framework/Versions/A/ViewBridge
0x00007ffb25ad0000 	/usr/lib/libRosetta.dylib
0x0000000121d95000 	/Library/Internet Plug-Ins/JavaAppletPlugin.plugin/Contents/Home/lib/libnet.dylib
0x0000000121fd8000 	/Library/Internet Plug-Ins/JavaAppletPlugin.plugin/Contents/Home/lib/libsunec.dylib
0x0000000121fc1000 	/Library/Internet Plug-Ins/JavaAppletPlugin.plugin/Contents/Home/lib/libnio.dylib
0x0000000122810000 	/Library/Internet Plug-Ins/JavaAppletPlugin.plugin/Contents/Home/lib/libjavafx_font.dylib
0x00007ff81bf04000 	/System/Library/PrivateFrameworks/login.framework/Versions/A/login
0x0000000125471000 	/Library/Internet Plug-Ins/JavaAppletPlugin.plugin/Contents/Home/lib/libprism_common.dylib

VM Arguments:
jvm_args: -Dfile.encoding=UTF-8 
java_command: App
java_class_path (initial): /Users/owner/Documents/GitHub/CS316-semester-project/CS316-semester-project/FinalProject/bin:/Users/owner/.p2/pool/plugins/org.eclipse.fx.ide.css.jfx8_3.7.0.202010120832.jar:/Users/owner/Documents/GitHub/CS316-semester-project/CS316-semester-project/JavaProject/mysql-connector-java-8.0.28.jar:/Users/owner/Documents/GitHub/CS316-semester-project/CS316-semester-project/FinalProject/fontawesomefx-8.9.jar
Launcher Type: SUN_STANDARD

Environment Variables:
PATH=/usr/bin:/bin:/usr/sbin:/sbin
SHELL=/bin/zsh

Signal Handlers:
SIGSEGV: [libjvm.dylib+0x5a1f9b], sa_mask[0]=11111111011111110111111111111111, sa_flags=SA_ONSTACK|SA_RESTART|SA_SIGINFO
SIGBUS: [libjvm.dylib+0x5a1f9b], sa_mask[0]=11111111011111110111111111111111, sa_flags=SA_RESTART|SA_SIGINFO
SIGFPE: [libjvm.dylib+0x492701], sa_mask[0]=11111111011111110111111111111111, sa_flags=SA_RESTART|SA_SIGINFO
SIGPIPE: [libjvm.dylib+0x492701], sa_mask[0]=11111111011111110111111111111111, sa_flags=SA_RESTART|SA_SIGINFO
SIGXFSZ: [libjvm.dylib+0x492701], sa_mask[0]=11111111011111110111111111111111, sa_flags=SA_RESTART|SA_SIGINFO
SIGILL: [libjvm.dylib+0x492701], sa_mask[0]=11111111011111110111111111111111, sa_flags=SA_RESTART|SA_SIGINFO
SIGUSR1: SIG_DFL, sa_mask[0]=00000000000000000000000000000000, sa_flags=none
SIGUSR2: [libjvm.dylib+0x492ffa], sa_mask[0]=00100000000000000000000000000000, sa_flags=SA_RESTART|SA_SIGINFO
SIGHUP: [libjvm.dylib+0x491209], sa_mask[0]=11111111011111110111111111111111, sa_flags=SA_RESTART|SA_SIGINFO
SIGINT: [libjvm.dylib+0x491209], sa_mask[0]=11111111011111110111111111111111, sa_flags=SA_RESTART|SA_SIGINFO
SIGTERM: [libjvm.dylib+0x491209], sa_mask[0]=11111111011111110111111111111111, sa_flags=SA_RESTART|SA_SIGINFO
SIGQUIT: [libjvm.dylib+0x491209], sa_mask[0]=11111111011111110111111111111111, sa_flags=SA_RESTART|SA_SIGINFO


---------------  S Y S T E M  ---------------

OS:Bsduname:Darwin 21.3.0 Darwin Kernel Version 21.3.0: Wed Jan  5 21:37:58 PST 2022; root:xnu-8019.80.24~20/RELEASE_X86_64 x86_64
rlimit: STACK 8192k, CORE 0k, NPROC 1392, NOFILE 10240, AS infinity
load average:2.48 2.93 2.74

CPU:total 4 (initial active 4) (2 cores per cpu, 2 threads per core) family 6 model 142 stepping 9, cmov, cx8, fxsr, mmx, sse, sse2, sse3, ssse3, sse4.1, sse4.2, popcnt, avx, avx2, aes, clmul, erms, rtm, 3dnowpref, lzcnt, ht, tsc, tscinvbit, bmi1, bmi2, adx

Memory: 4k page, physical 8388608k(189880k free)

/proc/meminfo:


vm_info: Java HotSpot(TM) 64-Bit Server VM (25.281-b09) for bsd-amd64 JRE (1.8.0_281-b09), built on Dec  9 2020 12:44:49 by "java_re" with gcc 4.2.1 Compatible Apple LLVM 10.0.0 (clang-1000.11.45.5)

time: Thu Mar 31 17:12:42 2022
timezone: CDT
elapsed time: 16.506942 seconds (0d 0h 0m 16s)

