#
# A fatal error has been detected by the Java Runtime Environment:
#
#  Internal Error (safepoint.cpp:716), pid=56392, tid=0x0000000000009f0b
#  fatal error: Illegal threadstate encountered: 4
#
# JRE version: Java(TM) SE Runtime Environment (8.0_281-b09) (build 1.8.0_281-b09)
# Java VM: Java HotSpot(TM) 64-Bit Server VM (25.281-b09 mixed mode bsd-amd64 compressed oops)
# Failed to write core dump. Core dumps have been disabled. To enable core dumping, try "ulimit -c unlimited" before starting Java again
#
# If you would like to submit a bug report, please visit:
#   http://bugreport.java.com/bugreport/crash.jsp
# The crash happened outside the Java Virtual Machine in native code.
# See problematic frame for where to report the bug.
#

---------------  T H R E A D  ---------------

Current thread (0x00007fa7d10a4000):  JavaThread "Thread-1" daemon [_thread_in_native, id=40715, stack(0x0000700001faf000,0x00007000020af000)]

Stack: [0x0000700001faf000,0x00007000020af000],  sp=0x00007000020adf30,  free space=1019k
Native frames: (J=compiled Java code, j=interpreted, Vv=VM code, C=native code)
V  [libjvm.dylib+0x5a1497]
V  [libjvm.dylib+0x1d8577]
V  [libjvm.dylib+0x4eb4c9]
V  [libjvm.dylib+0x566bf3]
V  [libjvm.dylib+0x2fd108]
C  [libglass.dylib+0x8988]  -[GlassRunnable dealloc]+0x28
C  [Foundation+0x80eab]  -[_NSThreadPerformInfo dealloc]+0x2a
C  [Foundation+0x4dcd7]  -[NSObject(NSThreadPerformAdditions) performSelectorOnMainThread:withObject:waitUntilDone:]+0x7c
J 2894  com.sun.glass.ui.mac.MacApplication._submitForLaterInvocation(Ljava/lang/Runnable;)V (0 bytes) @ 0x000000010e8da57c [0x000000010e8da4c0+0xbc]
J 5673 C2 com.sun.glass.ui.mac.MacApplication.submitForLaterInvocation(Ljava/lang/Runnable;)V (6 bytes) @ 0x000000010ec66114 [0x000000010ec660e0+0x34]
j  com.sun.glass.ui.InvokeLaterDispatcher.run()V+82
v  ~StubRoutines::call_stub
V  [libjvm.dylib+0x2d5599]
V  [libjvm.dylib+0x2d4264]
V  [libjvm.dylib+0x2d447f]
V  [libjvm.dylib+0x342b21]
V  [libjvm.dylib+0x5653f2]
V  [libjvm.dylib+0x5652b7]
V  [libjvm.dylib+0x490329]
C  [libsystem_pthread.dylib+0x64f4]  _pthread_start+0x7d
C  [libsystem_pthread.dylib+0x200f]  thread_start+0xf
C  0x0000000000000000

Java frames: (J=compiled Java code, j=interpreted, Vv=VM code)
J 2894  com.sun.glass.ui.mac.MacApplication._submitForLaterInvocation(Ljava/lang/Runnable;)V (0 bytes) @ 0x000000010e8da50c [0x000000010e8da4c0+0x4c]
J 5673 C2 com.sun.glass.ui.mac.MacApplication.submitForLaterInvocation(Ljava/lang/Runnable;)V (6 bytes) @ 0x000000010ec66114 [0x000000010ec660e0+0x34]
j  com.sun.glass.ui.InvokeLaterDispatcher.run()V+82
v  ~StubRoutines::call_stub

---------------  P R O C E S S  ---------------

Java Threads: ( => current thread )
  0x00007fa7d113e000 JavaThread "PulseTimer-CVDisplayLink thread" daemon [_thread_blocked, id=52195, stack(0x0000700001794000,0x0000700001814000)]
  0x00007fa7d12ee000 JavaThread "Prism Font Disposer" daemon [_thread_blocked, id=79623, stack(0x00007000024c4000,0x00007000025c4000)]
  0x00007fa7d22a2000 JavaThread "mysql-cj-abandoned-connection-cleanup" daemon [_thread_blocked, id=81687, stack(0x00007000023c1000,0x00007000024c1000)]
  0x00007fa7d18aa800 JavaThread "JavaFX-Launcher" [_thread_blocked, id=82963, stack(0x000070000223b000,0x000070000233b000)]
  0x00007fa7d2032000 JavaThread "JavaFX Application Thread" [_thread_in_native_trans, id=259, stack(0x00007ff7bad32000,0x00007ff7bb532000)]
=>0x00007fa7d10a4000 JavaThread "Thread-1" daemon [_thread_in_native, id=40715, stack(0x0000700001faf000,0x00007000020af000)]
  0x00007fa7d21db800 JavaThread "QuantumRenderer-0" daemon [_thread_blocked, id=15363, stack(0x0000700001eac000,0x0000700001fac000)]
  0x00007fa7d1035800 JavaThread "Service Thread" daemon [_thread_blocked, id=14851, stack(0x0000700001ca6000,0x0000700001da6000)]
  0x00007fa7d102a000 JavaThread "C1 CompilerThread2" daemon [_thread_in_vm, id=14339, stack(0x0000700001ba3000,0x0000700001ca3000)]
  0x00007fa7d2041000 JavaThread "C2 CompilerThread1" daemon [_thread_blocked, id=18691, stack(0x0000700001aa0000,0x0000700001ba0000)]
  0x00007fa7d1029000 JavaThread "C2 CompilerThread0" daemon [_thread_blocked, id=13571, stack(0x000070000199d000,0x0000700001a9d000)]
  0x00007fa7d182e800 JavaThread "Signal Dispatcher" daemon [_thread_blocked, id=13315, stack(0x000070000189a000,0x000070000199a000)]
  0x00007fa7d1024000 JavaThread "Finalizer" daemon [_thread_blocked, id=20995, stack(0x0000700001691000,0x0000700001791000)]
  0x00007fa7d2029800 JavaThread "Reference Handler" daemon [_thread_blocked, id=11523, stack(0x000070000158e000,0x000070000168e000)]
  0x00007fa7d2008800 JavaThread "main" [_thread_blocked, id=3843, stack(0x0000700000f7c000,0x000070000107c000)]

Other Threads:
  0x00007fa7d1821800 VMThread [stack: 0x000070000148b000,0x000070000158b000] [id=11011]
  0x00007fa7d1038000 WatcherThread [stack: 0x0000700001da9000,0x0000700001ea9000] [id=18435]

VM state:synchronizing (normal execution)

VM Mutex/Monitor currently owned by a thread:  ([mutex/lock_event])
[0x0000600002d7cf00] Safepoint_lock - owner thread: 0x00007fa7d1821800
[0x0000600002d7cf80] Threads_lock - owner thread: 0x00007fa7d1821800

heap address: 0x0000000740000000, size: 2048 MB, Compressed Oops mode: Zero based, Oop shift amount: 3
Narrow klass base: 0x0000000000000000, Narrow klass shift: 3
Compressed class space size: 1073741824 Address: 0x00000007c0000000

Heap:
 PSYoungGen      total 53248K, used 16458K [0x0000000795580000, 0x0000000799680000, 0x00000007c0000000)
  eden space 48128K, 23% used [0x0000000795580000,0x0000000796093530,0x0000000798480000)
  from space 5120K, 99% used [0x0000000798780000,0x0000000798c7f620,0x0000000798c80000)
  to   space 9216K, 0% used [0x0000000798d80000,0x0000000798d80000,0x0000000799680000)
 ParOldGen       total 59392K, used 13966K [0x0000000740000000, 0x0000000743a00000, 0x0000000795580000)
  object space 59392K, 23% used [0x0000000740000000,0x0000000740da3a38,0x0000000743a00000)
 Metaspace       used 30630K, capacity 32082K, committed 32128K, reserved 1077248K
  class space    used 3905K, capacity 4200K, committed 4224K, reserved 1048576K

Card table byte_map: [0x0000000104f8f000,0x0000000105390000] byte_map_base: 0x000000010158f000

Marking Bits: (ParMarkBitMap*) 0x0000000105ff9488
 Begin Bits: [0x00000001066d4000, 0x00000001086d4000)
 End Bits:   [0x00000001086d4000, 0x000000010a6d4000)

Polling page: 0x0000000104b07000

CodeCache: size=245760Kb used=20229Kb max_used=20229Kb free=225530Kb
 bounds [0x000000010e054000, 0x000000010f444000, 0x000000011d054000]
 total_blobs=6686 nmethods=5902 adapters=696
 compilation: enabled

Compilation events (10 events):
Event: 171.119 Thread 0x00007fa7d102a000 nmethod 6885 0x000000010e9699d0 code [0x000000010e969b40, 0x000000010e969d08]
Event: 171.120 Thread 0x00007fa7d102a000 6886       2       javafx.scene.effect.DropShadow::getOffsetY (19 bytes)
Event: 171.120 Thread 0x00007fa7d102a000 nmethod 6886 0x000000010ea08cd0 code [0x000000010ea08e40, 0x000000010ea09008]
Event: 171.120 Thread 0x00007fa7d102a000 6887       2       javafx.scene.effect.DropShadow::getClampedHeight (13 bytes)
Event: 171.120 Thread 0x00007fa7d102a000 nmethod 6887 0x000000010ea08810 code [0x000000010ea089a0, 0x000000010ea08ba8]
Event: 171.120 Thread 0x00007fa7d102a000 6889       2       javafx.scene.effect.DropShadow::getBlurTypeInternal (17 bytes)
Event: 171.120 Thread 0x00007fa7d102a000 nmethod 6889 0x000000010ea083d0 code [0x000000010ea08540, 0x000000010ea08728]
Event: 171.120 Thread 0x00007fa7d102a000 6890       2       javafx.scene.effect.DropShadow::getBlurType (24 bytes)
Event: 171.120 Thread 0x00007fa7d102a000 nmethod 6890 0x000000010ea07fd0 code [0x000000010ea08140, 0x000000010ea08308]
Event: 171.120 Thread 0x00007fa7d102a000 6888       3       javafx.scene.effect.DropShadow::getClampedWidth (13 bytes)

GC Heap History (10 events):
Event: 4.176 GC heap before
{Heap before GC invocations=2 (full 0):
 PSYoungGen      total 38400K, used 27807K [0x0000000795580000, 0x0000000798000000, 0x00000007c0000000)
  eden space 33280K, 68% used [0x0000000795580000,0x0000000796ba85d0,0x0000000797600000)
  from space 5120K, 99% used [0x0000000797600000,0x0000000797aff8d0,0x0000000797b00000)
  to   space 5120K, 0% used [0x0000000797b00000,0x0000000797b00000,0x0000000798000000)
 ParOldGen       total 87552K, used 2471K [0x0000000740000000, 0x0000000745580000, 0x0000000795580000)
  object space 87552K, 2% used [0x0000000740000000,0x0000000740269da0,0x0000000745580000)
 Metaspace       used 20590K, capacity 21060K, committed 21248K, reserved 1067008K
  class space    used 2574K, capacity 2743K, committed 2816K, reserved 1048576K
Event: 4.211 GC heap after
Heap after GC invocations=2 (full 0):
 PSYoungGen      total 38400K, used 5119K [0x0000000795580000, 0x000000079a080000, 0x00000007c0000000)
  eden space 33280K, 0% used [0x0000000795580000,0x0000000795580000,0x0000000797600000)
  from space 5120K, 99% used [0x0000000797b00000,0x0000000797fffc60,0x0000000798000000)
  to   space 5120K, 0% used [0x0000000797600000,0x0000000797600000,0x0000000797b00000)
 ParOldGen       total 87552K, used 5777K [0x0000000740000000, 0x0000000745580000, 0x0000000795580000)
  object space 87552K, 6% used [0x0000000740000000,0x00000007405a45c8,0x0000000745580000)
 Metaspace       used 20590K, capacity 21060K, committed 21248K, reserved 1067008K
  class space    used 2574K, capacity 2743K, committed 2816K, reserved 1048576K
}
Event: 4.211 GC heap before
{Heap before GC invocations=3 (full 1):
 PSYoungGen      total 38400K, used 5119K [0x0000000795580000, 0x000000079a080000, 0x00000007c0000000)
  eden space 33280K, 0% used [0x0000000795580000,0x0000000795580000,0x0000000797600000)
  from space 5120K, 99% used [0x0000000797b00000,0x0000000797fffc60,0x0000000798000000)
  to   space 5120K, 0% used [0x0000000797600000,0x0000000797600000,0x0000000797b00000)
 ParOldGen       total 87552K, used 5777K [0x0000000740000000, 0x0000000745580000, 0x0000000795580000)
  object space 87552K, 6% used [0x0000000740000000,0x00000007405a45c8,0x0000000745580000)
 Metaspace       used 20590K, capacity 21060K, committed 21248K, reserved 1067008K
  class space    used 2574K, capacity 2743K, committed 2816K, reserved 1048576K
Event: 4.242 GC heap after
Heap after GC invocations=3 (full 1):
 PSYoungGen      total 38400K, used 0K [0x0000000795580000, 0x000000079a080000, 0x00000007c0000000)
  eden space 33280K, 0% used [0x0000000795580000,0x0000000795580000,0x0000000797600000)
  from space 5120K, 0% used [0x0000000797b00000,0x0000000797b00000,0x0000000798000000)
  to   space 5120K, 0% used [0x0000000797600000,0x0000000797600000,0x0000000797b00000)
 ParOldGen       total 59392K, used 9455K [0x0000000740000000, 0x0000000743a00000, 0x0000000795580000)
  object space 59392K, 15% used [0x0000000740000000,0x000000074093bc80,0x0000000743a00000)
 Metaspace       used 20590K, capacity 21060K, committed 21248K, reserved 1067008K
  class space    used 2574K, capacity 2743K, committed 2816K, reserved 1048576K
}
Event: 63.641 GC heap before
{Heap before GC invocations=4 (full 1):
 PSYoungGen      total 38400K, used 33280K [0x0000000795580000, 0x000000079a080000, 0x00000007c0000000)
  eden space 33280K, 100% used [0x0000000795580000,0x0000000797600000,0x0000000797600000)
  from space 5120K, 0% used [0x0000000797b00000,0x0000000797b00000,0x0000000798000000)
  to   space 5120K, 0% used [0x0000000797600000,0x0000000797600000,0x0000000797b00000)
 ParOldGen       total 59392K, used 9455K [0x0000000740000000, 0x0000000743a00000, 0x0000000795580000)
  object space 59392K, 15% used [0x0000000740000000,0x000000074093bc80,0x0000000743a00000)
 Metaspace       used 26810K, capacity 27734K, committed 27904K, reserved 1073152K
  class space    used 3519K, capacity 3734K, committed 3840K, reserved 1048576K
Event: 63.647 GC heap after
Heap after GC invocations=4 (full 1):
 PSYoungGen      total 38400K, used 5098K [0x0000000795580000, 0x0000000799180000, 0x00000007c0000000)
  eden space 33280K, 0% used [0x0000000795580000,0x0000000795580000,0x0000000797600000)
  from space 5120K, 99% used [0x0000000797600000,0x0000000797afaaa0,0x0000000797b00000)
  to   space 5120K, 0% used [0x0000000798c80000,0x0000000798c80000,0x0000000799180000)
 ParOldGen       total 59392K, used 9975K [0x0000000740000000, 0x0000000743a00000, 0x0000000795580000)
  object space 59392K, 16% used [0x0000000740000000,0x00000007409bdc80,0x0000000743a00000)
 Metaspace       used 26810K, capacity 27734K, committed 27904K, reserved 1073152K
  class space    used 3519K, capacity 3734K, committed 3840K, reserved 1048576K
}
Event: 85.006 GC heap before
{Heap before GC invocations=5 (full 1):
 PSYoungGen      total 38400K, used 38378K [0x0000000795580000, 0x0000000799180000, 0x00000007c0000000)
  eden space 33280K, 100% used [0x0000000795580000,0x0000000797600000,0x0000000797600000)
  from space 5120K, 99% used [0x0000000797600000,0x0000000797afaaa0,0x0000000797b00000)
  to   space 5120K, 0% used [0x0000000798c80000,0x0000000798c80000,0x0000000799180000)
 ParOldGen       total 59392K, used 9975K [0x0000000740000000, 0x0000000743a00000, 0x0000000795580000)
  object space 59392K, 16% used [0x0000000740000000,0x00000007409bdc80,0x0000000743a00000)
 Metaspace       used 28319K, capacity 29364K, committed 29568K, reserved 1075200K
  class space    used 3623K, capacity 3857K, committed 3968K, reserved 1048576K
Event: 85.013 GC heap after
Heap after GC invocations=5 (full 1):
 PSYoungGen      total 54272K, used 5112K [0x0000000795580000, 0x0000000799180000, 0x00000007c0000000)
  eden space 49152K, 0% used [0x0000000795580000,0x0000000795580000,0x0000000798580000)
  from space 5120K, 99% used [0x0000000798c80000,0x000000079917e020,0x0000000799180000)
  to   space 5120K, 0% used [0x0000000798780000,0x0000000798780000,0x0000000798c80000)
 ParOldGen       total 59392K, used 11288K [0x0000000740000000, 0x0000000743a00000, 0x0000000795580000)
  object space 59392K, 19% used [0x0000000740000000,0x0000000740b06110,0x0000000743a00000)
 Metaspace       used 28319K, capacity 29364K, committed 29568K, reserved 1075200K
  class space    used 3623K, capacity 3857K, committed 3968K, reserved 1048576K
}
Event: 169.592 GC heap before
{Heap before GC invocations=6 (full 1):
 PSYoungGen      total 54272K, used 54264K [0x0000000795580000, 0x0000000799180000, 0x00000007c0000000)
  eden space 49152K, 100% used [0x0000000795580000,0x0000000798580000,0x0000000798580000)
  from space 5120K, 99% used [0x0000000798c80000,0x000000079917e020,0x0000000799180000)
  to   space 5120K, 0% used [0x0000000798780000,0x0000000798780000,0x0000000798c80000)
 ParOldGen       total 59392K, used 11288K [0x0000000740000000, 0x0000000743a00000, 0x0000000795580000)
  object space 59392K, 19% used [0x0000000740000000,0x0000000740b06110,0x0000000743a00000)
 Metaspace       used 30486K, capacity 31868K, committed 32128K, reserved 1077248K
  class space    used 3898K, capacity 4159K, committed 4224K, reserved 1048576K
Event: 169.603 GC heap after
Heap after GC invocations=6 (full 1):
 PSYoungGen      total 53248K, used 5117K [0x0000000795580000, 0x0000000799680000, 0x00000007c0000000)
  eden space 48128K, 0% used [0x0000000795580000,0x0000000795580000,0x0000000798480000)
  from space 5120K, 99% used [0x0000000798780000,0x0000000798c7f620,0x0000000798c80000)
  to   space 9216K, 0% used [0x0000000798d80000,0x0000000798d80000,0x0000000799680000)
 ParOldGen       total 59392K, used 13966K [0x0000000740000000, 0x0000000743a00000, 0x0000000795580000)
  object space 59392K, 23% used [0x0000000740000000,0x0000000740da3a38,0x0000000743a00000)
 Metaspace       used 30486K, capacity 31868K, committed 32128K, reserved 1077248K
  class space    used 3898K, capacity 4159K, committed 4224K, reserved 1048576K
}

Deoptimization events (10 events):
Event: 164.514 Thread 0x00007fa7d2032000 Uncommon trap: reason=unstable_if action=reinterpret pc=0x000000010f2d8af0 method=javafx.scene.CssStyleHelper$CacheContainer.<init>(Ljavafx/scene/Node;Lcom/sun/javafx/css/StyleMap;I)V @ 54
Event: 164.515 Thread 0x00007fa7d2032000 Uncommon trap: reason=unstable_if action=reinterpret pc=0x000000010ead9d0c method=javafx.scene.CssStyleHelper.resolveRef(Ljavafx/css/Styleable;Ljava/lang/String;Lcom/sun/javafx/css/StyleMap;Ljava/util/Set;)Lcom/sun/javafx/css/CascadingStyle; @ 66
Event: 164.525 Thread 0x00007fa7d21db800 Uncommon trap: reason=unstable_if action=reinterpret pc=0x000000010edf2cd0 method=com.sun.prism.impl.GlyphCache.getCachedGlyph(II)Lcom/sun/prism/impl/GlyphCache$GlyphData; @ 402
Event: 165.584 Thread 0x00007fa7d2032000 Uncommon trap: reason=class_check action=maybe_recompile pc=0x000000010f149bec method=javafx.scene.Node$MiscProperties.getEffect()Ljavafx/scene/effect/Effect; @ 20
Event: 165.584 Thread 0x00007fa7d2032000 Uncommon trap: reason=class_check action=maybe_recompile pc=0x000000010f149bec method=javafx.scene.Node$MiscProperties.getEffect()Ljavafx/scene/effect/Effect; @ 20
Event: 165.820 Thread 0x00007fa7d21db800 Uncommon trap: reason=bimorphic action=maybe_recompile pc=0x000000010f03c8cc method=com.sun.javafx.sg.prism.NGNode.getContentBounds(Lcom/sun/javafx/geom/BaseBounds;Lcom/sun/javafx/geom/transform/BaseTransform;)Lcom/sun/javafx/geom/BaseBounds; @ 17
Event: 166.044 Thread 0x00007fa7d2032000 Uncommon trap: reason=bimorphic action=maybe_recompile pc=0x000000010f2f2874 method=com.sun.javafx.event.CompositeEventHandler.dispatchBubblingEvent(Ljavafx/event/Event;)V @ 51
Event: 167.404 Thread 0x00007fa7d2032000 Uncommon trap: reason=class_check action=maybe_recompile pc=0x000000010ec6f438 method=javafx.scene.CssStyleHelper.transitionToState(Ljavafx/scene/Node;)V @ 519
Event: 167.558 Thread 0x00007fa7d2032000 Uncommon trap: reason=unstable_if action=reinterpret pc=0x000000010eb39230 method=javafx.scene.Node.impl_pickNode(Lcom/sun/javafx/geom/PickRay;Lcom/sun/javafx/scene/input/PickResultChooser;)V @ 11
Event: 167.570 Thread 0x00007fa7d2032000 Uncommon trap: reason=unstable_if action=reinterpret pc=0x000000010ee8bad8 method=javafx.scene.Node.impl_pickNode(Lcom/sun/javafx/geom/PickRay;Lcom/sun/javafx/scene/input/PickResultChooser;)V @ 11

Classes redefined (0 events):
No events

Internal exceptions (10 events):
Event: 159.340 Thread 0x00007fa7d2032000 Exception <a 'java/lang/ArrayIndexOutOfBoundsException'> (0x0000000796fb8798) thrown at [/jenkins/workspace/8-2-build-macosx-x86_64/jdk8u281/880/hotspot/src/share/vm/runtime/sharedRuntime.cpp, line 609]
Event: 159.340 Thread 0x00007fa7d2032000 Exception <a 'java/lang/ArrayIndexOutOfBoundsException'> (0x0000000796fb9d70) thrown at [/jenkins/workspace/8-2-build-macosx-x86_64/jdk8u281/880/hotspot/src/share/vm/runtime/sharedRuntime.cpp, line 609]
Event: 160.405 Thread 0x00007fa7d2032000 Exception <a 'java/io/FileNotFoundException'> (0x00000007975d7970) thrown at [/jenkins/workspace/8-2-build-macosx-x86_64/jdk8u281/880/hotspot/src/share/vm/prims/jni.cpp, line 710]
Event: 160.429 Thread 0x00007fa7d2032000 Exception <a 'java/io/FileNotFoundException'> (0x00000007976aac68) thrown at [/jenkins/workspace/8-2-build-macosx-x86_64/jdk8u281/880/hotspot/src/share/vm/prims/jni.cpp, line 710]
Event: 160.432 Thread 0x00007fa7d2032000 Exception <a 'java/io/FileNotFoundException'> (0x00000007976c7608) thrown at [/jenkins/workspace/8-2-build-macosx-x86_64/jdk8u281/880/hotspot/src/share/vm/prims/jni.cpp, line 710]
Event: 160.465 Thread 0x00007fa7d2032000 Implicit null exception at 0x000000010ef7ae72 to 0x000000010ef7cf9d
Event: 163.825 Thread 0x00007fa7d21db800 Implicit null exception at 0x000000010efd04d7 to 0x000000010efd0679
Event: 163.825 Thread 0x00007fa7d21db800 Implicit null exception at 0x000000010f060d67 to 0x000000010f0616b9
Event: 164.483 Thread 0x00007fa7d2032000 Exception <a 'java/io/FileNotFoundException'> (0x0000000797d87428) thrown at [/jenkins/workspace/8-2-build-macosx-x86_64/jdk8u281/880/hotspot/src/share/vm/prims/jni.cpp, line 710]
Event: 171.053 Thread 0x00007fa7d2032000 Exception <a 'java/io/FileNotFoundException'> (0x0000000795d5eb08) thrown at [/jenkins/workspace/8-2-build-macosx-x86_64/jdk8u281/880/hotspot/src/share/vm/prims/jni.cpp, line 710]

Events (10 events):
Event: 170.033 loading class Notification done
Event: 170.039 loading class NotificationType
Event: 170.039 loading class NotificationType done
Event: 170.051 Thread 0x00007fa7d2032000 DEOPT PACKING pc=0x000000010e68516b sp=0x00007ff7bb52b790
Event: 170.051 Thread 0x00007fa7d2032000 DEOPT UNPACKING pc=0x000000010e09b784 sp=0x00007ff7bb52b5c8 mode 0
Event: 170.309 Thread 0x00007fa7d2032000 DEOPT PACKING pc=0x000000010eaec070 sp=0x00007ff7bb52a0e0
Event: 170.309 Thread 0x00007fa7d2032000 DEOPT UNPACKING pc=0x000000010e09b784 sp=0x00007ff7bb529e68 mode 0
Event: 171.084 Executing VM operation: RevokeBias
Event: 171.084 Executing VM operation: RevokeBias done
Event: 171.120 Executing VM operation: RevokeBias


Dynamic libraries:
0x00007ff826b20000 	/System/Library/Frameworks/Cocoa.framework/Versions/A/Cocoa
0x00007ff812991000 	/System/Library/Frameworks/AppKit.framework/Versions/C/AppKit
0x00007ff815e8d000 	/System/Library/Frameworks/CoreData.framework/Versions/A/CoreData
0x00007ff810da8000 	/System/Library/Frameworks/Foundation.framework/Versions/C/Foundation
0x00007ff81ac55000 	/usr/lib/libSystem.B.dylib
0x00007ff813823000 	/System/Library/PrivateFrameworks/UIFoundation.framework/Versions/A/UIFoundation
0x00007ff820acc000 	/System/Library/PrivateFrameworks/RemoteViewServices.framework/Versions/A/RemoteViewServices
0x00007ff818eb7000 	/System/Library/PrivateFrameworks/XCTTargetBootstrap.framework/Versions/A/XCTTargetBootstrap
0x00007ff81ca65000 	/System/Library/PrivateFrameworks/InternationalSupport.framework/Versions/A/InternationalSupport
0x00007ff81caef000 	/System/Library/PrivateFrameworks/UserActivity.framework/Versions/A/UserActivity
0x00007ff81be45000 	/usr/lib/libspindump.dylib
0x00007ff813ab1000 	/System/Library/Frameworks/UniformTypeIdentifiers.framework/Versions/A/UniformTypeIdentifiers
0x00007ff8175f0000 	/usr/lib/libapp_launch_measurement.dylib
0x00007ff816859000 	/System/Library/PrivateFrameworks/CoreAnalytics.framework/Versions/A/CoreAnalytics
0x00007ff8175f3000 	/System/Library/PrivateFrameworks/CoreAutoLayout.framework/Versions/A/CoreAutoLayout
0x00007ff818813000 	/System/Library/Frameworks/Metal.framework/Versions/A/Metal
0x00007ff81952d000 	/usr/lib/liblangid.dylib
0x00007ff818ebb000 	/System/Library/PrivateFrameworks/CoreSVG.framework/Versions/A/CoreSVG
0x00007ff814e78000 	/System/Library/PrivateFrameworks/SkyLight.framework/Versions/A/SkyLight
0x00007ff81520e000 	/System/Library/Frameworks/CoreGraphics.framework/Versions/A/CoreGraphics
0x00007ff82113b000 	/System/Library/Frameworks/Accelerate.framework/Versions/A/Accelerate
0x00007ff81b8c0000 	/System/Library/PrivateFrameworks/IconServices.framework/Versions/A/IconServices
0x00007ff8187f8000 	/System/Library/Frameworks/IOSurface.framework/Versions/A/IOSurface
0x00007ff816887000 	/usr/lib/libDiagnosticMessagesClient.dylib
0x00007ff81ab75000 	/usr/lib/libz.1.dylib
0x00007ff8247ac000 	/System/Library/Frameworks/ApplicationServices.framework/Versions/A/ApplicationServices
0x00007ff818ea3000 	/System/Library/PrivateFrameworks/DFRFoundation.framework/Versions/A/DFRFoundation
0x00007ff812282000 	/usr/lib/libicucore.A.dylib
0x00007ff81d78a000 	/System/Library/Frameworks/AudioToolbox.framework/Versions/A/AudioToolbox
0x00007ff81ca71000 	/System/Library/PrivateFrameworks/DataDetectorsCore.framework/Versions/A/DataDetectorsCore
0x00007ff9183c9000 	/System/Library/PrivateFrameworks/TextInput.framework/Versions/A/TextInput
0x00007ff814dfc000 	/usr/lib/libMobileGestalt.dylib
0x00007ff818bab000 	/System/Library/Frameworks/Carbon.framework/Versions/A/Frameworks/HIToolbox.framework/Versions/A/HIToolbox
0x00007ff81701d000 	/System/Library/Frameworks/QuartzCore.framework/Versions/A/QuartzCore
0x00007ff811f22000 	/System/Library/Frameworks/Security.framework/Versions/A/Security
0x00007ff820b04000 	/System/Library/Frameworks/Carbon.framework/Versions/A/Frameworks/SpeechRecognition.framework/Versions/A/SpeechRecognition
0x00007ff817350000 	/System/Library/PrivateFrameworks/CoreUI.framework/Versions/A/CoreUI
0x00007ff8117fa000 	/System/Library/Frameworks/CoreAudio.framework/Versions/A/CoreAudio
0x00007ff816975000 	/System/Library/Frameworks/DiskArbitration.framework/Versions/A/DiskArbitration
0x00007ff81c22c000 	/System/Library/PrivateFrameworks/MultitouchSupport.framework/Versions/A/MultitouchSupport
0x00007ff814dfb000 	/usr/lib/libenergytrace.dylib
0x00007ff81287d000 	/System/Library/Frameworks/IOKit.framework/Versions/A/IOKit
0x00007ff820ef0000 	/System/Library/Frameworks/CoreServices.framework/Versions/A/CoreServices
0x00007ff81758a000 	/System/Library/PrivateFrameworks/PerformanceAnalysis.framework/Versions/A/PerformanceAnalysis
0x00007ffa27b99000 	/System/Library/Frameworks/OpenGL.framework/Versions/A/OpenGL
0x00007ff81a1a2000 	/System/Library/PrivateFrameworks/MobileKeyBag.framework/Versions/A/MobileKeyBag
0x00007ff80fd69000 	/usr/lib/libobjc.A.dylib
0x00007ff8158da000 	/System/Library/Frameworks/ColorSync.framework/Versions/A/ColorSync
0x00007ff80ff22000 	/System/Library/Frameworks/CoreFoundation.framework/Versions/A/CoreFoundation
0x00007ff819134000 	/System/Library/Frameworks/CoreImage.framework/Versions/A/CoreImage
0x00007ff811610000 	/System/Library/Frameworks/CoreText.framework/Versions/A/CoreText
0x00007ff818eea000 	/System/Library/Frameworks/ImageIO.framework/Versions/A/ImageIO
0x00007ff81ac5b000 	/System/Library/PrivateFrameworks/SoftLinking.framework/Versions/A/SoftLinking
0x00007ff81763b000 	/usr/lib/libxml2.2.dylib
0x00007ff80fe2f000 	/usr/lib/libc++.1.dylib
0x00007ff81aedf000 	/usr/lib/libcompression.dylib
0x00007ff81c99b000 	/System/Library/PrivateFrameworks/TextureIO.framework/Versions/A/TextureIO
0x00007ff81b5d2000 	/usr/lib/libate.dylib
0x00007ff81ac50000 	/usr/lib/system/libcache.dylib
0x00007ff81ac0c000 	/usr/lib/system/libcommonCrypto.dylib
0x00007ff81ac35000 	/usr/lib/system/libcompiler_rt.dylib
0x00007ff81ac2b000 	/usr/lib/system/libcopyfile.dylib
0x00007ff80fc63000 	/usr/lib/system/libcorecrypto.dylib
0x00007ff80fd22000 	/usr/lib/system/libdispatch.dylib
0x00007ff80fee1000 	/usr/lib/system/libdyld.dylib
0x00007ff81ac47000 	/usr/lib/system/libkeymgr.dylib
0x00007ff81abea000 	/usr/lib/system/libmacho.dylib
0x00007ff81a276000 	/usr/lib/system/libquarantine.dylib
0x00007ff81ac45000 	/usr/lib/system/libremovefile.dylib
0x00007ff814e48000 	/usr/lib/system/libsystem_asl.dylib
0x00007ff80fc11000 	/usr/lib/system/libsystem_blocks.dylib
0x00007ff80fda6000 	/usr/lib/system/libsystem_c.dylib
0x00007ff81ac3d000 	/usr/lib/system/libsystem_collections.dylib
0x00007ff81951e000 	/usr/lib/system/libsystem_configuration.dylib
0x00007ff8187db000 	/usr/lib/system/libsystem_containermanager.dylib
0x00007ff81a927000 	/usr/lib/system/libsystem_coreservices.dylib
0x00007ff81250b000 	/usr/lib/system/libsystem_darwin.dylib
0x00007ff81ac48000 	/usr/lib/system/libsystem_dnssd.dylib
0x00007ff80fda3000 	/usr/lib/system/libsystem_featureflags.dylib
0x00007ff80fef7000 	/usr/lib/system/libsystem_info.dylib
0x00007ff81ab88000 	/usr/lib/system/libsystem_m.dylib
0x00007ff80fcf6000 	/usr/lib/system/libsystem_malloc.dylib
0x00007ff814de5000 	/usr/lib/system/libsystem_networkextension.dylib
0x00007ff812933000 	/usr/lib/system/libsystem_notify.dylib
0x00007ff820dc5000 	/usr/lib/system/libsystem_product_info_filter.dylib
0x00007ff819522000 	/usr/lib/system/libsystem_sandbox.dylib
0x00007ff81ac42000 	/usr/lib/system/libsystem_secinit.dylib
0x00007ff80fe9e000 	/usr/lib/system/libsystem_kernel.dylib
0x00007ff80feed000 	/usr/lib/system/libsystem_platform.dylib
0x00007ff80fed5000 	/usr/lib/system/libsystem_pthread.dylib
0x00007ff8166a0000 	/usr/lib/system/libsystem_symptoms.dylib
0x00007ff80fc4a000 	/usr/lib/system/libsystem_trace.dylib
0x00007ff81ac18000 	/usr/lib/system/libunwind.dylib
0x00007ff80fc13000 	/usr/lib/system/libxpc.dylib
0x00007ff80fe88000 	/usr/lib/libc++abi.dylib
0x00007ff81ac23000 	/usr/lib/liboah.dylib
0x00007ff81b3b0000 	/usr/lib/liblzma.5.dylib
0x00007ff810ab9000 	/System/Library/Frameworks/SystemConfiguration.framework/Versions/A/SystemConfiguration
0x00007ff81ac57000 	/usr/lib/libfakelink.dylib
0x00007ff81494e000 	/System/Library/Frameworks/CFNetwork.framework/Versions/A/CFNetwork
0x00007ff81ad96000 	/usr/lib/libarchive.2.dylib
0x00007ff819529000 	/System/Library/PrivateFrameworks/AppleSystemInfo.framework/Versions/A/AppleSystemInfo
0x00007ff81a29d000 	/usr/lib/libbsm.0.dylib
0x00007ff813f84000 	/usr/lib/libnetwork.dylib
0x00007ff81abf0000 	/usr/lib/system/libkxld.dylib
0x00007ff819ecb000 	/System/Library/PrivateFrameworks/IOMobileFramebuffer.framework/Versions/A/IOMobileFramebuffer
0x00007ffb259be000 	/usr/lib/libCoreEntitlements.dylib
0x00007ff81a909000 	/System/Library/PrivateFrameworks/AppleFSCompression.framework/Versions/A/AppleFSCompression
0x00007ff81a285000 	/usr/lib/libcoretls.dylib
0x00007ff81b3ca000 	/usr/lib/libcoretls_cfhelpers.dylib
0x00007ff81aeda000 	/usr/lib/libpam.2.dylib
0x00007ff8162c2000 	/usr/lib/libsqlite3.dylib
0x00007ff81b439000 	/usr/lib/libxar.1.dylib
0x00007ff81a919000 	/usr/lib/libbz2.1.0.dylib
0x00007ff81ac5c000 	/usr/lib/libpcap.A.dylib
0x00007ff816697000 	/usr/lib/libdns_services.dylib
0x00007ff81aea9000 	/usr/lib/libapple_nghttp2.dylib
0x00007ff81ac93000 	/usr/lib/libiconv.2.dylib
0x00007ff81abe9000 	/usr/lib/libcharset.1.dylib
0x00007ff8175be000 	/System/Library/Frameworks/CoreServices.framework/Versions/A/Frameworks/FSEvents.framework/Versions/A/FSEvents
0x00007ff812515000 	/System/Library/Frameworks/CoreServices.framework/Versions/A/Frameworks/CarbonCore.framework/Versions/A/CarbonCore
0x00007ff8168da000 	/System/Library/Frameworks/CoreServices.framework/Versions/A/Frameworks/Metadata.framework/Versions/A/Metadata
0x00007ff81a92c000 	/System/Library/Frameworks/CoreServices.framework/Versions/A/Frameworks/OSServices.framework/Versions/A/OSServices
0x00007ff81ae1d000 	/System/Library/Frameworks/CoreServices.framework/Versions/A/Frameworks/SearchKit.framework/Versions/A/SearchKit
0x00007ff816629000 	/System/Library/Frameworks/CoreServices.framework/Versions/A/Frameworks/AE.framework/Versions/A/AE
0x00007ff810425000 	/System/Library/Frameworks/CoreServices.framework/Versions/A/Frameworks/LaunchServices.framework/Versions/A/LaunchServices
0x00007ff81b361000 	/System/Library/Frameworks/CoreServices.framework/Versions/A/Frameworks/DictionaryServices.framework/Versions/A/DictionaryServices
0x00007ff8175cb000 	/System/Library/Frameworks/CoreServices.framework/Versions/A/Frameworks/SharedFileList.framework/Versions/A/SharedFileList
0x00007ff81a279000 	/usr/lib/libCheckFix.dylib
0x00007ff814e5f000 	/System/Library/PrivateFrameworks/TCC.framework/Versions/A/TCC
0x00007ff81952f000 	/System/Library/PrivateFrameworks/CoreNLP.framework/Versions/A/CoreNLP
0x00007ff81688a000 	/System/Library/PrivateFrameworks/MetadataUtilities.framework/Versions/A/MetadataUtilities
0x00007ff810b69000 	/usr/lib/libmecabra.dylib
0x00007ff81a2ad000 	/usr/lib/libmecab.dylib
0x00007ff810b34000 	/usr/lib/libCRFSuite.dylib
0x00007ff81a30a000 	/usr/lib/libgermantok.dylib
0x00007ff81ae84000 	/usr/lib/libThaiTokenizer.dylib
0x00007ff81697c000 	/System/Library/Frameworks/Accelerate.framework/Versions/A/Frameworks/vImage.framework/Versions/A/vImage
0x00007ff820ec7000 	/System/Library/Frameworks/Accelerate.framework/Versions/A/Frameworks/vecLib.framework/Versions/A/vecLib
0x00007ff81b47a000 	/System/Library/Frameworks/Accelerate.framework/Versions/A/Frameworks/vecLib.framework/Versions/A/libvMisc.dylib
0x00007ff819ce9000 	/System/Library/Frameworks/Accelerate.framework/Versions/A/Frameworks/vecLib.framework/Versions/A/libvDSP.dylib
0x00007ff81079d000 	/System/Library/Frameworks/Accelerate.framework/Versions/A/Frameworks/vecLib.framework/Versions/A/libBLAS.dylib
0x00007ff81afbb000 	/System/Library/Frameworks/Accelerate.framework/Versions/A/Frameworks/vecLib.framework/Versions/A/libLAPACK.dylib
0x00007ff81a30d000 	/System/Library/Frameworks/Accelerate.framework/Versions/A/Frameworks/vecLib.framework/Versions/A/libLinearAlgebra.dylib
0x00007ff81aec2000 	/System/Library/Frameworks/Accelerate.framework/Versions/A/Frameworks/vecLib.framework/Versions/A/libSparseBLAS.dylib
0x00007ff81afb5000 	/System/Library/Frameworks/Accelerate.framework/Versions/A/Frameworks/vecLib.framework/Versions/A/libQuadrature.dylib
0x00007ff819619000 	/System/Library/Frameworks/Accelerate.framework/Versions/A/Frameworks/vecLib.framework/Versions/A/libBNNS.dylib
0x00007ff810a4a000 	/System/Library/Frameworks/Accelerate.framework/Versions/A/Frameworks/vecLib.framework/Versions/A/libSparse.dylib
0x00007ff819612000 	/System/Library/PrivateFrameworks/LinguisticData.framework/Versions/A/LinguisticData
0x00007ff8109ff000 	/System/Library/PrivateFrameworks/Lexicon.framework/Versions/A/Lexicon
0x00007ff81b473000 	/usr/lib/libChineseTokenizer.dylib
0x00007ff811163000 	/System/Library/PrivateFrameworks/LanguageModeling.framework/Versions/A/LanguageModeling
0x00007ff81ae86000 	/System/Library/PrivateFrameworks/AppleSauce.framework/Versions/A/AppleSauce
0x00007ff819eb9000 	/System/Library/PrivateFrameworks/CoreEmoji.framework/Versions/A/CoreEmoji
0x00007ff81ad85000 	/usr/lib/libcmph.dylib
0x00007ff8175a2000 	/System/Library/Frameworks/OpenDirectory.framework/Versions/A/Frameworks/CFOpenDirectory.framework/Versions/A/CFOpenDirectory
0x00007ff817596000 	/System/Library/Frameworks/OpenDirectory.framework/Versions/A/OpenDirectory
0x00007ff81b3cc000 	/System/Library/PrivateFrameworks/APFS.framework/Versions/A/APFS
0x00007ff81a1da000 	/System/Library/Frameworks/SecurityFoundation.framework/Versions/A/SecurityFoundation
0x00007ff81b447000 	/usr/lib/libutil.dylib
0x00007ff812840000 	/System/Library/PrivateFrameworks/CoreServicesStore.framework/Versions/A/CoreServicesStore
0x00007ff81b44b000 	/usr/lib/libxslt.1.dylib
0x00007ff81a267000 	/System/Library/PrivateFrameworks/BackgroundTaskManagement.framework/Versions/A/BackgroundTaskManagement
0x00007ff81c8bb000 	/System/Library/Frameworks/ImageIO.framework/Versions/A/Resources/libRadiance.dylib
0x00007ff81c8c4000 	/System/Library/Frameworks/ImageIO.framework/Versions/A/Resources/libJPEG.dylib
0x00007ff81c814000 	/System/Library/Frameworks/ImageIO.framework/Versions/A/Resources/libPng.dylib
0x00007ff81c835000 	/System/Library/Frameworks/ImageIO.framework/Versions/A/Resources/libTIFF.dylib
0x00007ff81c924000 	/System/Library/Frameworks/ImageIO.framework/Versions/A/Resources/libGIF.dylib
0x00007ff81c145000 	/System/Library/Frameworks/ImageIO.framework/Versions/A/Resources/libJP2.dylib
0x00007ff81b887000 	/usr/lib/libexpat.1.dylib
0x00007ff81c0fa000 	/System/Library/PrivateFrameworks/AppleJPEG.framework/Versions/A/AppleJPEG
0x00007ff818a6e000 	/System/Library/PrivateFrameworks/FontServices.framework/libFontParser.dylib
0x00007ff8165d3000 	/System/Library/PrivateFrameworks/RunningBoardServices.framework/Versions/A/RunningBoardServices
0x00007ff82709c000 	/System/Library/PrivateFrameworks/IOSurfaceAccelerator.framework/Versions/A/IOSurfaceAccelerator
0x00007ff81c228000 	/System/Library/PrivateFrameworks/WatchdogClient.framework/Versions/A/WatchdogClient
0x00007ff811252000 	/System/Library/Frameworks/CoreDisplay.framework/Versions/A/CoreDisplay
0x00007ff81896d000 	/System/Library/Frameworks/CoreMedia.framework/Versions/A/CoreMedia
0x00007ff81880a000 	/System/Library/PrivateFrameworks/IOAccelerator.framework/Versions/A/IOAccelerator
0x00007ff81771e000 	/System/Library/Frameworks/CoreVideo.framework/Versions/A/CoreVideo
0x00007ff81aed8000 	/System/Library/Frameworks/MetalPerformanceShaders.framework/Versions/A/MetalPerformanceShaders
0x00007ff81c263000 	/System/Library/Frameworks/VideoToolbox.framework/Versions/A/VideoToolbox
0x00007ff81651b000 	/System/Library/PrivateFrameworks/BaseBoard.framework/Versions/A/BaseBoard
0x00007ff8162a8000 	/System/Library/PrivateFrameworks/ProtocolBuffer.framework/Versions/A/ProtocolBuffer
0x00007ff81c8b4000 	/System/Library/PrivateFrameworks/GPUWrangler.framework/Versions/A/GPUWrangler
0x00007ff81c897000 	/System/Library/PrivateFrameworks/IOPresentment.framework/Versions/A/IOPresentment
0x00007ff81c8be000 	/System/Library/PrivateFrameworks/DSExternalDisplay.framework/Versions/A/DSExternalDisplay
0x00007ffa27b8d000 	/System/Library/Frameworks/OpenGL.framework/Versions/A/Libraries/libCoreFSCache.dylib
0x00007ffb13c2e000 	/System/Library/PrivateFrameworks/GPUCompiler.framework/Versions/31001/Libraries/libGPUCompilerUtils.dylib
0x00007ff81c929000 	/System/Library/PrivateFrameworks/CMCaptureCore.framework/Versions/A/CMCaptureCore
0x00007ff81be33000 	/System/Library/PrivateFrameworks/AppServerSupport.framework/Versions/A/AppServerSupport
0x00007ff81e010000 	/System/Library/PrivateFrameworks/perfdata.framework/Versions/A/perfdata
0x00007ff81137e000 	/System/Library/PrivateFrameworks/AudioToolboxCore.framework/Versions/A/AudioToolboxCore
0x00007ff81894a000 	/System/Library/PrivateFrameworks/caulk.framework/Versions/A/caulk
0x00007ff81d934000 	/usr/lib/libAudioStatistics.dylib
0x00007ff914c57000 	/System/Library/PrivateFrameworks/SystemPolicy.framework/Versions/A/SystemPolicy
0x00007ff81db89000 	/usr/lib/libSMC.dylib
0x00007ff8269d3000 	/System/Library/Frameworks/CoreMIDI.framework/Versions/A/CoreMIDI
0x00007ff81c7e4000 	/usr/lib/libAudioToolboxUtility.dylib
0x00007ff911069000 	/System/Library/PrivateFrameworks/OSAServicesClient.framework/Versions/A/OSAServicesClient
0x00007ff81e01d000 	/usr/lib/libperfcheck.dylib
0x00007ff9156e9000 	/usr/lib/libmis.dylib
0x00007ffa27be9000 	/System/Library/Frameworks/OpenGL.framework/Versions/A/Libraries/libGLU.dylib
0x00007ffa27bac000 	/System/Library/Frameworks/OpenGL.framework/Versions/A/Libraries/libGFXShared.dylib
0x00007ffa27dba000 	/System/Library/Frameworks/OpenGL.framework/Versions/A/Libraries/libGL.dylib
0x00007ffa27bb5000 	/System/Library/Frameworks/OpenGL.framework/Versions/A/Libraries/libGLImage.dylib
0x00007ffa27ba9000 	/System/Library/Frameworks/OpenGL.framework/Versions/A/Libraries/libCVMSPluginSupport.dylib
0x00007ffa27b94000 	/System/Library/Frameworks/OpenGL.framework/Versions/A/Libraries/libCoreVMClient.dylib
0x00007ff8194ad000 	/System/Library/Frameworks/MetalPerformanceShaders.framework/Versions/A/Frameworks/MPSCore.framework/Versions/A/MPSCore
0x00007ff81a874000 	/System/Library/Frameworks/MetalPerformanceShaders.framework/Versions/A/Frameworks/MPSImage.framework/Versions/A/MPSImage
0x00007ff81a323000 	/System/Library/Frameworks/MetalPerformanceShaders.framework/Versions/A/Frameworks/MPSNeuralNetwork.framework/Versions/A/MPSNeuralNetwork
0x00007ff81a798000 	/System/Library/Frameworks/MetalPerformanceShaders.framework/Versions/A/Frameworks/MPSMatrix.framework/Versions/A/MPSMatrix
0x00007ff81a554000 	/System/Library/Frameworks/MetalPerformanceShaders.framework/Versions/A/Frameworks/MPSRayIntersector.framework/Versions/A/MPSRayIntersector
0x00007ff81a7d1000 	/System/Library/Frameworks/MetalPerformanceShaders.framework/Versions/A/Frameworks/MPSNDArray.framework/Versions/A/MPSNDArray
0x00007ffa2c7ae000 	/System/Library/Frameworks/MetalPerformanceShaders.framework/Versions/A/Frameworks/MPSFunctions.framework/Versions/A/MPSFunctions
0x00007ff810680000 	/System/Library/PrivateFrameworks/MetalTools.framework/Versions/A/MetalTools
0x00007ff819527000 	/System/Library/PrivateFrameworks/AggregateDictionary.framework/Versions/A/AggregateDictionary
0x00007ff81b669000 	/usr/lib/libIOReport.dylib
0x00007ffa291c9000 	/System/Library/Frameworks/OpenCL.framework/Versions/A/OpenCL
0x00007ff81b9cd000 	/System/Library/PrivateFrameworks/FaceCore.framework/Versions/A/FaceCore
0x00007ff81b9be000 	/System/Library/PrivateFrameworks/GraphVisualizer.framework/Versions/A/GraphVisualizer
0x00007ffb13b39000 	/System/Library/PrivateFrameworks/FontServices.framework/Versions/A/FontServices
0x00007ff81bdea000 	/System/Library/PrivateFrameworks/OTSVG.framework/Versions/A/OTSVG
0x00007ff817306000 	/System/Library/Frameworks/ApplicationServices.framework/Versions/A/Frameworks/ATS.framework/Versions/A/Resources/libFontRegistry.dylib
0x00007ff81be3b000 	/System/Library/PrivateFrameworks/FontServices.framework/libhvf.dylib
0x00007ffb13b3a000 	/System/Library/PrivateFrameworks/FontServices.framework/libXTFontStaticRegistryData.dylib
0x00007ff81b837000 	/System/Library/PrivateFrameworks/AppleVA.framework/Versions/A/AppleVA
0x00007ff81d958000 	/System/Library/Frameworks/ApplicationServices.framework/Versions/A/Frameworks/ATS.framework/Versions/A/ATS
0x00007ff8159d6000 	/System/Library/Frameworks/ApplicationServices.framework/Versions/A/Frameworks/HIServices.framework/Versions/A/HIServices
0x00007ff81c933000 	/System/Library/Frameworks/ApplicationServices.framework/Versions/A/Frameworks/PrintCore.framework/Versions/A/PrintCore
0x00007ff81dcdc000 	/System/Library/Frameworks/ApplicationServices.framework/Versions/A/Frameworks/QD.framework/Versions/A/QD
0x00007ff81dcd4000 	/System/Library/Frameworks/ApplicationServices.framework/Versions/A/Frameworks/ColorSyncLegacy.framework/Versions/A/ColorSyncLegacy
0x00007ff81d948000 	/System/Library/Frameworks/ApplicationServices.framework/Versions/A/Frameworks/SpeechSynthesis.framework/Versions/A/SpeechSynthesis
0x00007ff81c8f4000 	/System/Library/Frameworks/ApplicationServices.framework/Versions/A/Frameworks/ATSUI.framework/Versions/A/ATSUI
0x00007ff81dc69000 	/usr/lib/libcups.2.dylib
0x00007ff81e02c000 	/System/Library/Frameworks/Kerberos.framework/Versions/A/Kerberos
0x00007ff81e03b000 	/System/Library/Frameworks/GSS.framework/Versions/A/GSS
0x00007ff81d9c4000 	/usr/lib/libresolv.9.dylib
0x00007ff81be4a000 	/System/Library/PrivateFrameworks/Heimdal.framework/Versions/A/Heimdal
0x00007ff824b29000 	/System/Library/Frameworks/Kerberos.framework/Versions/A/Libraries/libHeimdalProxy.dylib
0x00007ff8166a8000 	/System/Library/Frameworks/Network.framework/Versions/A/Network
0x00007ff81b8a1000 	/usr/lib/libheimdal-asn1.dylib
0x00007ff81e087000 	/System/Library/PrivateFrameworks/CommonAuth.framework/Versions/A/CommonAuth
0x00007ff81d8c5000 	/System/Library/PrivateFrameworks/AudioSession.framework/Versions/A/AudioSession
0x00007ff81b931000 	/System/Library/PrivateFrameworks/MediaExperience.framework/Versions/A/MediaExperience
0x00007ff81d759000 	/System/Library/PrivateFrameworks/AudioSession.framework/libSessionUtility.dylib
0x00007ff81dce8000 	/System/Library/PrivateFrameworks/AudioResourceArbitration.framework/Versions/A/AudioResourceArbitration
0x00007ff821cda000 	/System/Library/PrivateFrameworks/PowerLog.framework/Versions/A/PowerLog
0x00007ff81b8aa000 	/System/Library/PrivateFrameworks/IconFoundation.framework/Versions/A/IconFoundation
0x00007ff820af4000 	/System/Library/PrivateFrameworks/SpeechRecognitionCore.framework/Versions/A/SpeechRecognitionCore
0x00000001058d1000 	/Library/Internet Plug-Ins/JavaAppletPlugin.plugin/Contents/Home/lib/server/libjvm.dylib
0x0000000104b18000 	/Library/Internet Plug-Ins/JavaAppletPlugin.plugin/Contents/Home/lib/libverify.dylib
0x0000000104b5c000 	/Library/Internet Plug-Ins/JavaAppletPlugin.plugin/Contents/Home/lib/libjava.dylib
0x0000000104b36000 	/Library/Internet Plug-Ins/JavaAppletPlugin.plugin/Contents/Home/lib/libzip.dylib
0x000000010584c000 	/Library/Internet Plug-Ins/JavaAppletPlugin.plugin/Contents/Home/lib/libprism_es2.dylib
0x00007ff812801000 	/System/Library/PrivateFrameworks/CoreServicesInternal.framework/Versions/A/CoreServicesInternal
0x00007ffa27dc5000 	/System/Library/Frameworks/OpenGL.framework/Versions/A/Resources/GLEngine.bundle/GLEngine
0x00007ffa27c27000 	/System/Library/Frameworks/OpenGL.framework/Versions/A/Libraries/libGLProgrammability.dylib
0x00007ffa1bfed000 	/System/Library/Extensions/AppleIntelKBLGraphicsGLDriver.bundle/Contents/MacOS/AppleIntelKBLGraphicsGLDriver
0x00007ff91f5cd000 	/System/Library/PrivateFrameworks/GPUSupport.framework/Versions/A/Libraries/libGPUSupportMercury.dylib
0x00007ffa27f54000 	/System/Library/Frameworks/OpenGL.framework/Versions/A/Resources/GLRendererFloat.bundle/GLRendererFloat
0x000000010da1f000 	/Library/Internet Plug-Ins/JavaAppletPlugin.plugin/Contents/Home/lib/libglass.dylib
0x00007ff8222cb000 	/System/Library/Frameworks/FileProvider.framework/Versions/A/FileProvider
0x00007ff816487000 	/System/Library/Frameworks/Accounts.framework/Versions/A/Accounts
0x00007ff822443000 	/System/Library/PrivateFrameworks/GenerationalStorage.framework/Versions/A/GenerationalStorage
0x00007ff822f55000 	/System/Library/PrivateFrameworks/CoreSymbolication.framework/Versions/A/CoreSymbolication
0x00007ff821ccf000 	/System/Library/PrivateFrameworks/SymptomDiagnosticReporter.framework/Versions/A/SymptomDiagnosticReporter
0x00007ff813ac5000 	/System/Library/PrivateFrameworks/DesktopServicesPriv.framework/Versions/A/DesktopServicesPriv
0x00007ff812942000 	/usr/lib/libsandbox.1.dylib
0x00007ff81779d000 	/System/Library/PrivateFrameworks/UserManagement.framework/Versions/A/UserManagement
0x00007ff822f1a000 	/System/Library/PrivateFrameworks/DebugSymbols.framework/Versions/A/DebugSymbols
0x00007ff81dcc9000 	/System/Library/PrivateFrameworks/NetAuth.framework/Versions/A/NetAuth
0x00007ff81ebb8000 	/System/Library/PrivateFrameworks/Sharing.framework/Versions/A/Sharing
0x00007ff817770000 	/System/Library/PrivateFrameworks/login.framework/Versions/A/Frameworks/loginsupport.framework/Versions/A/loginsupport
0x00007ff82405b000 	/System/Library/PrivateFrameworks/Apple80211.framework/Versions/A/Apple80211
0x00007ff81a959000 	/System/Library/PrivateFrameworks/AuthKit.framework/Versions/A/AuthKit
0x00007ff819faf000 	/System/Library/PrivateFrameworks/CoreUtils.framework/Versions/A/CoreUtils
0x00007ff819ed6000 	/System/Library/Frameworks/CoreWLAN.framework/Versions/A/CoreWLAN
0x00007ff81ed13000 	/System/Library/Frameworks/IOBluetooth.framework/Versions/A/IOBluetooth
0x00007ff8240c3000 	/System/Library/PrivateFrameworks/CoreWiFi.framework/Versions/A/CoreWiFi
0x00007ff822aef000 	/System/Library/PrivateFrameworks/FrontBoardServices.framework/Versions/A/FrontBoardServices
0x00007ff822b81000 	/System/Library/PrivateFrameworks/BoardServices.framework/Versions/A/BoardServices
0x00007ff81a1c9000 	/System/Library/PrivateFrameworks/AssertionServices.framework/Versions/A/AssertionServices
0x00007ff824247000 	/System/Library/PrivateFrameworks/BackBoardServices.framework/Versions/A/BackBoardServices
0x00007ff81e116000 	/System/Library/PrivateFrameworks/CorePhoneNumbers.framework/Versions/A/CorePhoneNumbers
0x00007ff821dec000 	/System/Library/PrivateFrameworks/DiskManagement.framework/Versions/A/DiskManagement
0x00007ff821d00000 	/System/Library/PrivateFrameworks/AppleIDAuthSupport.framework/Versions/A/AppleIDAuthSupport
0x00007ffa2e767000 	/System/Library/PrivateFrameworks/AAAFoundation.framework/Versions/A/AAAFoundation
0x00007ff81e0f7000 	/System/Library/PrivateFrameworks/KeychainCircle.framework/Versions/A/KeychainCircle
0x00007ff821db8000 	/System/Library/PrivateFrameworks/MediaKit.framework/Versions/A/MediaKit
0x00007ff821d0c000 	/System/Library/Frameworks/DiscRecording.framework/Versions/A/DiscRecording
0x00007ff81b7af000 	/usr/lib/libCoreStorage.dylib
0x00007ff824536000 	/usr/lib/libcsfde.dylib
0x00007ff81ede0000 	/System/Library/PrivateFrameworks/ProtectedCloudStorage.framework/Versions/A/ProtectedCloudStorage
0x00007ff824532000 	/System/Library/PrivateFrameworks/EFILogin.framework/Versions/A/EFILogin
0x00007ff822469000 	/System/Library/PrivateFrameworks/OctagonTrust.framework/Versions/A/OctagonTrust
0x00007ffb12e5b000 	/System/Library/PrivateFrameworks/CoreUtilsExtras.framework/Versions/A/CoreUtilsExtras
0x00007ff821c42000 	/System/Library/Frameworks/CoreBluetooth.framework/Versions/A/CoreBluetooth
0x00007ff824bae000 	/System/Library/Frameworks/AudioUnit.framework/Versions/A/AudioUnit
0x00007ff81b7a7000 	/usr/lib/libMatch.1.dylib
0x00007ff919b4d000 	/System/Library/Frameworks/Accelerate.framework/Versions/A/Frameworks/vImage.framework/Versions/A/Libraries/libCGInterfaces.dylib
0x000000010df5f000 	/usr/lib/libobjc-trampolines.dylib
0x00007ff817496000 	/System/Library/PrivateFrameworks/ViewBridge.framework/Versions/A/ViewBridge
0x00000001206e1000 	/Library/Internet Plug-Ins/JavaAppletPlugin.plugin/Contents/Home/lib/libjavafx_font.dylib
0x0000000120d08000 	/Library/Internet Plug-Ins/JavaAppletPlugin.plugin/Contents/Home/lib/libnet.dylib
0x0000000120f4b000 	/Library/Internet Plug-Ins/JavaAppletPlugin.plugin/Contents/Home/lib/libsunec.dylib
0x00007ffb25ad0000 	/usr/lib/libRosetta.dylib
0x0000000120f34000 	/Library/Internet Plug-Ins/JavaAppletPlugin.plugin/Contents/Home/lib/libnio.dylib
0x00007ff81bf04000 	/System/Library/PrivateFrameworks/login.framework/Versions/A/login
0x0000000123ab6000 	/Library/Internet Plug-Ins/JavaAppletPlugin.plugin/Contents/Home/lib/libprism_common.dylib
0x00007ff8211bf000 	/System/Library/PrivateFrameworks/SystemAdministration.framework/Versions/A/SystemAdministration
0x00007ff81cb5b000 	/System/Library/Frameworks/MediaToolbox.framework/Versions/A/MediaToolbox
0x00007ff820ac0000 	/System/Library/Frameworks/DirectoryService.framework/Versions/A/DirectoryService
0x00007ff8243d4000 	/System/Library/PrivateFrameworks/DiskImages.framework/Versions/A/DiskImages
0x00007ff81a271000 	/System/Library/Frameworks/ServiceManagement.framework/Versions/A/ServiceManagement
0x00007ff8245ae000 	/System/Library/PrivateFrameworks/LoginUIKit.framework/Versions/A/Frameworks/LoginUICore.framework/Versions/A/LoginUICore
0x00007ff81c0b2000 	/usr/lib/libodfde.dylib
0x00007ff82229b000 	/System/Library/PrivateFrameworks/CoreAVCHD.framework/Versions/A/CoreAVCHD
0x00007ff821183000 	/System/Library/Frameworks/MediaAccessibility.framework/Versions/A/MediaAccessibility
0x00007ff822297000 	/System/Library/PrivateFrameworks/Mangrove.framework/Versions/A/Mangrove
0x00007ff82118e000 	/System/Library/PrivateFrameworks/AlgosScoreFramework.framework/Versions/A/AlgosScoreFramework
0x00007ffb102a0000 	/System/Library/PrivateFrameworks/CMPhoto.framework/Versions/A/CMPhoto
0x00007ff822df0000 	/System/Library/PrivateFrameworks/AppleVPA.framework/Versions/A/AppleVPA
0x00007ff821edc000 	/System/Library/PrivateFrameworks/CoreAUC.framework/Versions/A/CoreAUC
0x00007ff824542000 	/usr/lib/libcurl.4.dylib
0x00007ff82429f000 	/usr/lib/libcrypto.44.dylib
0x00007ff8243a7000 	/usr/lib/libssl.46.dylib
0x00007ff824265000 	/System/Library/Frameworks/LDAP.framework/Versions/A/LDAP
0x00007ff82429d000 	/System/Library/PrivateFrameworks/TrustEvaluationAgent.framework/Versions/A/TrustEvaluationAgent
0x00007ff81d9dd000 	/usr/lib/libsasl2.2.dylib
0x00007ff8211b3000 	/System/Library/PrivateFrameworks/CoreDaemon.framework/Versions/B/CoreDaemon
0x00007ff8211ae000 	/System/Library/PrivateFrameworks/AppleSRP.framework/Versions/A/AppleSRP

VM Arguments:
jvm_args: -Dfile.encoding=UTF-8 
java_command: AppLoginLauncher
java_class_path (initial): /Users/owner/Documents/GitHub/CS316-semester-project/CS316-semester-project/FinalProject/bin:/Users/owner/.p2/pool/plugins/org.eclipse.fx.ide.css.jfx8_3.7.0.202010120832.jar:/Users/owner/Documents/GitHub/CS316-semester-project/CS316-semester-project/JavaProject/mysql-connector-java-8.0.28.jar
Launcher Type: SUN_STANDARD

Environment Variables:
PATH=/usr/bin:/bin:/usr/sbin:/sbin
SHELL=/bin/zsh

Signal Handlers:
SIGSEGV: [libjvm.dylib+0x5a1f9b], sa_mask[0]=11111111011111110111111111111111, sa_flags=SA_ONSTACK|SA_RESTART|SA_SIGINFO
SIGBUS: [libjvm.dylib+0x5a1f9b], sa_mask[0]=11111111011111110111111111111111, sa_flags=SA_RESTART|SA_SIGINFO
SIGFPE: [libjvm.dylib+0x492701], sa_mask[0]=11111111011111110111111111111111, sa_flags=SA_RESTART|SA_SIGINFO
SIGPIPE: [libjvm.dylib+0x492701], sa_mask[0]=11111111011111110111111111111111, sa_flags=SA_RESTART|SA_SIGINFO
SIGXFSZ: [libjvm.dylib+0x492701], sa_mask[0]=11111111011111110111111111111111, sa_flags=SA_RESTART|SA_SIGINFO
SIGILL: [libjvm.dylib+0x492701], sa_mask[0]=11111111011111110111111111111111, sa_flags=SA_RESTART|SA_SIGINFO
SIGUSR1: SIG_DFL, sa_mask[0]=00000000000000000000000000000000, sa_flags=none
SIGUSR2: [libjvm.dylib+0x492ffa], sa_mask[0]=00100000000000000000000000000000, sa_flags=SA_RESTART|SA_SIGINFO
SIGHUP: [libjvm.dylib+0x491209], sa_mask[0]=11111111011111110111111111111111, sa_flags=SA_RESTART|SA_SIGINFO
SIGINT: [libjvm.dylib+0x491209], sa_mask[0]=11111111011111110111111111111111, sa_flags=SA_RESTART|SA_SIGINFO
SIGTERM: [libjvm.dylib+0x491209], sa_mask[0]=11111111011111110111111111111111, sa_flags=SA_RESTART|SA_SIGINFO
SIGQUIT: [libjvm.dylib+0x491209], sa_mask[0]=11111111011111110111111111111111, sa_flags=SA_RESTART|SA_SIGINFO


---------------  S Y S T E M  ---------------

OS:Bsduname:Darwin 21.3.0 Darwin Kernel Version 21.3.0: Wed Jan  5 21:37:58 PST 2022; root:xnu-8019.80.24~20/RELEASE_X86_64 x86_64
rlimit: STACK 8192k, CORE 0k, NPROC 1392, NOFILE 10240, AS infinity
load average:2.41 2.78 3.12

CPU:total 4 (initial active 4) (2 cores per cpu, 2 threads per core) family 6 model 142 stepping 9, cmov, cx8, fxsr, mmx, sse, sse2, sse3, ssse3, sse4.1, sse4.2, popcnt, avx, avx2, aes, clmul, erms, rtm, 3dnowpref, lzcnt, ht, tsc, tscinvbit, bmi1, bmi2, adx

Memory: 4k page, physical 8388608k(40500k free)

/proc/meminfo:


vm_info: Java HotSpot(TM) 64-Bit Server VM (25.281-b09) for bsd-amd64 JRE (1.8.0_281-b09), built on Dec  9 2020 12:44:49 by "java_re" with gcc 4.2.1 Compatible Apple LLVM 10.0.0 (clang-1000.11.45.5)

time: Mon Apr  4 18:48:38 2022
timezone: CDT
elapsed time: 171.152238 seconds (0d 0h 2m 51s)

